{"/Users/satoshi/src/kabaddi-timer/src/client/components/action-creators.ts": {"path":"/Users/satoshi/src/kabaddi-timer/src/client/components/action-creators.ts","statementMap":{"0":{"start":{"line":5,"column":1},"end":{"line":379,"column":null}},"1":{"start":{"line":15,"column":48},"end":{"line":15,"column":null}},"2":{"start":{"line":24,"column":21},"end":{"line":24,"column":null}},"3":{"start":{"line":27,"column":6},"end":{"line":29,"column":null}},"4":{"start":{"line":28,"column":8},"end":{"line":28,"column":null}},"5":{"start":{"line":31,"column":6},"end":{"line":31,"column":null}},"6":{"start":{"line":37,"column":25},"end":{"line":101,"column":null}},"7":{"start":{"line":43,"column":8},"end":{"line":43,"column":null}},"8":{"start":{"line":51,"column":8},"end":{"line":51,"column":null}},"9":{"start":{"line":59,"column":8},"end":{"line":59,"column":null}},"10":{"start":{"line":70,"column":8},"end":{"line":72,"column":null}},"11":{"start":{"line":71,"column":10},"end":{"line":71,"column":null}},"12":{"start":{"line":73,"column":8},"end":{"line":75,"column":null}},"13":{"start":{"line":74,"column":10},"end":{"line":74,"column":null}},"14":{"start":{"line":77,"column":29},"end":{"line":77,"column":null}},"15":{"start":{"line":78,"column":8},"end":{"line":80,"column":null}},"16":{"start":{"line":79,"column":10},"end":{"line":79,"column":null}},"17":{"start":{"line":82,"column":8},"end":{"line":86,"column":null}},"18":{"start":{"line":95,"column":8},"end":{"line":97,"column":null}},"19":{"start":{"line":96,"column":10},"end":{"line":96,"column":null}},"20":{"start":{"line":99,"column":8},"end":{"line":99,"column":null}},"21":{"start":{"line":106,"column":28},"end":{"line":130,"column":null}},"22":{"start":{"line":112,"column":8},"end":{"line":112,"column":null}},"23":{"start":{"line":120,"column":8},"end":{"line":120,"column":null}},"24":{"start":{"line":128,"column":8},"end":{"line":128,"column":null}},"25":{"start":{"line":135,"column":25},"end":{"line":163,"column":null}},"26":{"start":{"line":144,"column":8},"end":{"line":146,"column":null}},"27":{"start":{"line":145,"column":10},"end":{"line":145,"column":null}},"28":{"start":{"line":149,"column":8},"end":{"line":151,"column":null}},"29":{"start":{"line":150,"column":10},"end":{"line":150,"column":null}},"30":{"start":{"line":153,"column":8},"end":{"line":153,"column":null}},"31":{"start":{"line":161,"column":8},"end":{"line":161,"column":null}},"32":{"start":{"line":168,"column":27},"end":{"line":196,"column":null}},"33":{"start":{"line":177,"column":8},"end":{"line":179,"column":null}},"34":{"start":{"line":178,"column":10},"end":{"line":178,"column":null}},"35":{"start":{"line":182,"column":8},"end":{"line":184,"column":null}},"36":{"start":{"line":183,"column":10},"end":{"line":183,"column":null}},"37":{"start":{"line":186,"column":8},"end":{"line":186,"column":null}},"38":{"start":{"line":194,"column":8},"end":{"line":194,"column":null}},"39":{"start":{"line":201,"column":24},"end":{"line":242,"column":null}},"40":{"start":{"line":210,"column":8},"end":{"line":212,"column":null}},"41":{"start":{"line":211,"column":10},"end":{"line":211,"column":null}},"42":{"start":{"line":215,"column":8},"end":{"line":217,"column":null}},"43":{"start":{"line":216,"column":10},"end":{"line":216,"column":null}},"44":{"start":{"line":219,"column":28},"end":{"line":219,"column":null}},"45":{"start":{"line":220,"column":8},"end":{"line":222,"column":null}},"46":{"start":{"line":221,"column":10},"end":{"line":221,"column":null}},"47":{"start":{"line":224,"column":8},"end":{"line":226,"column":null}},"48":{"start":{"line":225,"column":10},"end":{"line":225,"column":null}},"49":{"start":{"line":228,"column":8},"end":{"line":230,"column":null}},"50":{"start":{"line":229,"column":10},"end":{"line":229,"column":null}},"51":{"start":{"line":232,"column":8},"end":{"line":232,"column":null}},"52":{"start":{"line":240,"column":8},"end":{"line":240,"column":null}},"53":{"start":{"line":247,"column":26},"end":{"line":263,"column":null}},"54":{"start":{"line":253,"column":8},"end":{"line":253,"column":null}},"55":{"start":{"line":261,"column":8},"end":{"line":261,"column":null}},"56":{"start":{"line":271,"column":31},"end":{"line":271,"column":null}},"57":{"start":{"line":274,"column":6},"end":{"line":277,"column":null}},"58":{"start":{"line":275,"column":8},"end":{"line":275,"column":null}},"59":{"start":{"line":276,"column":8},"end":{"line":276,"column":null}},"60":{"start":{"line":280,"column":6},"end":{"line":284,"column":null}},"61":{"start":{"line":281,"column":8},"end":{"line":281,"column":null}},"62":{"start":{"line":282,"column":6},"end":{"line":284,"column":null}},"63":{"start":{"line":283,"column":8},"end":{"line":283,"column":null}},"64":{"start":{"line":286,"column":6},"end":{"line":289,"column":null}},"65":{"start":{"line":296,"column":25},"end":{"line":332,"column":null}},"66":{"start":{"line":303,"column":8},"end":{"line":303,"column":null}},"67":{"start":{"line":312,"column":8},"end":{"line":312,"column":null}},"68":{"start":{"line":321,"column":8},"end":{"line":321,"column":null}},"69":{"start":{"line":330,"column":8},"end":{"line":330,"column":null}},"70":{"start":{"line":339,"column":6},"end":{"line":351,"column":null}},"71":{"start":{"line":355,"column":4},"end":{"line":373,"column":null}},"72":{"start":{"line":377,"column":2},"end":{"line":377,"column":null}}},"fnMap":{"0":{"name":"(anonymous_0)","decl":{"start":{"line":5,"column":1},"end":{"line":5,"column":10}},"loc":{"start":{"line":5,"column":23},"end":{"line":379,"column":3}}},"1":{"name":"createActionCreators","decl":{"start":{"line":14,"column":11},"end":{"line":14,"column":32}},"loc":{"start":{"line":14,"column":48},"end":{"line":374,"column":null}}},"2":{"name":"createBaseAction","decl":{"start":{"line":23,"column":13},"end":{"line":23,"column":30}},"loc":{"start":{"line":23,"column":68},"end":{"line":32,"column":null}}},"3":{"name":"(anonymous_3)","decl":{"start":{"line":42,"column":6},"end":{"line":42,"column":14}},"loc":{"start":{"line":42,"column":14},"end":{"line":44,"column":null}}},"4":{"name":"(anonymous_4)","decl":{"start":{"line":50,"column":6},"end":{"line":50,"column":14}},"loc":{"start":{"line":50,"column":14},"end":{"line":52,"column":null}}},"5":{"name":"(anonymous_5)","decl":{"start":{"line":58,"column":6},"end":{"line":58,"column":14}},"loc":{"start":{"line":58,"column":14},"end":{"line":60,"column":null}}},"6":{"name":"(anonymous_6)","decl":{"start":{"line":68,"column":6},"end":{"line":68,"column":10}},"loc":{"start":{"line":68,"column":44},"end":{"line":87,"column":null}}},"7":{"name":"(anonymous_7)","decl":{"start":{"line":94,"column":6},"end":{"line":94,"column":13}},"loc":{"start":{"line":94,"column":30},"end":{"line":100,"column":null}}},"8":{"name":"(anonymous_8)","decl":{"start":{"line":111,"column":6},"end":{"line":111,"column":14}},"loc":{"start":{"line":111,"column":14},"end":{"line":113,"column":null}}},"9":{"name":"(anonymous_9)","decl":{"start":{"line":119,"column":6},"end":{"line":119,"column":14}},"loc":{"start":{"line":119,"column":14},"end":{"line":121,"column":null}}},"10":{"name":"(anonymous_10)","decl":{"start":{"line":127,"column":6},"end":{"line":127,"column":14}},"loc":{"start":{"line":127,"column":14},"end":{"line":129,"column":null}}},"11":{"name":"(anonymous_11)","decl":{"start":{"line":142,"column":6},"end":{"line":142,"column":13}},"loc":{"start":{"line":142,"column":43},"end":{"line":154,"column":null}}},"12":{"name":"(anonymous_12)","decl":{"start":{"line":160,"column":6},"end":{"line":160,"column":14}},"loc":{"start":{"line":160,"column":14},"end":{"line":162,"column":null}}},"13":{"name":"(anonymous_13)","decl":{"start":{"line":175,"column":6},"end":{"line":175,"column":13}},"loc":{"start":{"line":175,"column":42},"end":{"line":187,"column":null}}},"14":{"name":"(anonymous_14)","decl":{"start":{"line":193,"column":6},"end":{"line":193,"column":14}},"loc":{"start":{"line":193,"column":14},"end":{"line":195,"column":null}}},"15":{"name":"(anonymous_15)","decl":{"start":{"line":208,"column":6},"end":{"line":208,"column":14}},"loc":{"start":{"line":208,"column":42},"end":{"line":233,"column":null}}},"16":{"name":"(anonymous_16)","decl":{"start":{"line":239,"column":6},"end":{"line":239,"column":20}},"loc":{"start":{"line":239,"column":20},"end":{"line":241,"column":null}}},"17":{"name":"(anonymous_17)","decl":{"start":{"line":252,"column":6},"end":{"line":252,"column":17}},"loc":{"start":{"line":252,"column":17},"end":{"line":254,"column":null}}},"18":{"name":"(anonymous_18)","decl":{"start":{"line":260,"column":6},"end":{"line":260,"column":24}},"loc":{"start":{"line":260,"column":24},"end":{"line":262,"column":null}}},"19":{"name":"validateAction","decl":{"start":{"line":270,"column":13},"end":{"line":270,"column":28}},"loc":{"start":{"line":270,"column":81},"end":{"line":290,"column":null}}},"20":{"name":"(anonymous_20)","decl":{"start":{"line":302,"column":6},"end":{"line":302,"column":21}},"loc":{"start":{"line":302,"column":35},"end":{"line":304,"column":null}}},"21":{"name":"(anonymous_21)","decl":{"start":{"line":311,"column":6},"end":{"line":311,"column":21}},"loc":{"start":{"line":311,"column":35},"end":{"line":313,"column":null}}},"22":{"name":"(anonymous_22)","decl":{"start":{"line":320,"column":6},"end":{"line":320,"column":23}},"loc":{"start":{"line":320,"column":37},"end":{"line":322,"column":null}}},"23":{"name":"(anonymous_23)","decl":{"start":{"line":329,"column":6},"end":{"line":329,"column":23}},"loc":{"start":{"line":329,"column":37},"end":{"line":331,"column":null}}},"24":{"name":"debug","decl":{"start":{"line":338,"column":13},"end":{"line":338,"column":21}},"loc":{"start":{"line":338,"column":21},"end":{"line":352,"column":null}}}},"branchMap":{"0":{"loc":{"start":{"line":23,"column":44},"end":{"line":23,"column":68}},"type":"default-arg","locations":[{"start":{"line":23,"column":59},"end":{"line":23,"column":68}}]},"1":{"loc":{"start":{"line":27,"column":6},"end":{"line":29,"column":null}},"type":"if","locations":[{"start":{"line":27,"column":6},"end":{"line":29,"column":null}},{"start":{},"end":{}}]},"2":{"loc":{"start":{"line":70,"column":8},"end":{"line":72,"column":null}},"type":"if","locations":[{"start":{"line":70,"column":8},"end":{"line":72,"column":null}},{"start":{},"end":{}}]},"3":{"loc":{"start":{"line":70,"column":12},"end":{"line":70,"column":55}},"type":"binary-expr","locations":[{"start":{"line":70,"column":12},"end":{"line":70,"column":42}},{"start":{"line":70,"column":42},"end":{"line":70,"column":55}}]},"4":{"loc":{"start":{"line":73,"column":8},"end":{"line":75,"column":null}},"type":"if","locations":[{"start":{"line":73,"column":8},"end":{"line":75,"column":null}},{"start":{},"end":{}}]},"5":{"loc":{"start":{"line":73,"column":12},"end":{"line":73,"column":71}},"type":"binary-expr","locations":[{"start":{"line":73,"column":12},"end":{"line":73,"column":42}},{"start":{"line":73,"column":42},"end":{"line":73,"column":57}},{"start":{"line":73,"column":57},"end":{"line":73,"column":71}}]},"6":{"loc":{"start":{"line":78,"column":8},"end":{"line":80,"column":null}},"type":"if","locations":[{"start":{"line":78,"column":8},"end":{"line":80,"column":null}},{"start":{},"end":{}}]},"7":{"loc":{"start":{"line":95,"column":8},"end":{"line":97,"column":null}},"type":"if","locations":[{"start":{"line":95,"column":8},"end":{"line":97,"column":null}},{"start":{},"end":{}}]},"8":{"loc":{"start":{"line":144,"column":8},"end":{"line":146,"column":null}},"type":"if","locations":[{"start":{"line":144,"column":8},"end":{"line":146,"column":null}},{"start":{},"end":{}}]},"9":{"loc":{"start":{"line":144,"column":12},"end":{"line":144,"column":50}},"type":"binary-expr","locations":[{"start":{"line":144,"column":12},"end":{"line":144,"column":32}},{"start":{"line":144,"column":32},"end":{"line":144,"column":50}}]},"10":{"loc":{"start":{"line":149,"column":8},"end":{"line":151,"column":null}},"type":"if","locations":[{"start":{"line":149,"column":8},"end":{"line":151,"column":null}},{"start":{},"end":{}}]},"11":{"loc":{"start":{"line":177,"column":8},"end":{"line":179,"column":null}},"type":"if","locations":[{"start":{"line":177,"column":8},"end":{"line":179,"column":null}},{"start":{},"end":{}}]},"12":{"loc":{"start":{"line":177,"column":12},"end":{"line":177,"column":50}},"type":"binary-expr","locations":[{"start":{"line":177,"column":12},"end":{"line":177,"column":32}},{"start":{"line":177,"column":32},"end":{"line":177,"column":50}}]},"13":{"loc":{"start":{"line":182,"column":8},"end":{"line":184,"column":null}},"type":"if","locations":[{"start":{"line":182,"column":8},"end":{"line":184,"column":null}},{"start":{},"end":{}}]},"14":{"loc":{"start":{"line":210,"column":8},"end":{"line":212,"column":null}},"type":"if","locations":[{"start":{"line":210,"column":8},"end":{"line":212,"column":null}},{"start":{},"end":{}}]},"15":{"loc":{"start":{"line":210,"column":12},"end":{"line":210,"column":50}},"type":"binary-expr","locations":[{"start":{"line":210,"column":12},"end":{"line":210,"column":32}},{"start":{"line":210,"column":32},"end":{"line":210,"column":50}}]},"16":{"loc":{"start":{"line":215,"column":8},"end":{"line":217,"column":null}},"type":"if","locations":[{"start":{"line":215,"column":8},"end":{"line":217,"column":null}},{"start":{},"end":{}}]},"17":{"loc":{"start":{"line":220,"column":8},"end":{"line":222,"column":null}},"type":"if","locations":[{"start":{"line":220,"column":8},"end":{"line":222,"column":null}},{"start":{},"end":{}}]},"18":{"loc":{"start":{"line":224,"column":8},"end":{"line":226,"column":null}},"type":"if","locations":[{"start":{"line":224,"column":8},"end":{"line":226,"column":null}},{"start":{},"end":{}}]},"19":{"loc":{"start":{"line":228,"column":8},"end":{"line":230,"column":null}},"type":"if","locations":[{"start":{"line":228,"column":8},"end":{"line":230,"column":null}},{"start":{},"end":{}}]},"20":{"loc":{"start":{"line":274,"column":6},"end":{"line":277,"column":null}},"type":"if","locations":[{"start":{"line":274,"column":6},"end":{"line":277,"column":null}},{"start":{},"end":{}}]},"21":{"loc":{"start":{"line":274,"column":10},"end":{"line":274,"column":49}},"type":"binary-expr","locations":[{"start":{"line":274,"column":10},"end":{"line":274,"column":21}},{"start":{"line":274,"column":21},"end":{"line":274,"column":49}}]},"22":{"loc":{"start":{"line":280,"column":6},"end":{"line":284,"column":null}},"type":"if","locations":[{"start":{"line":280,"column":6},"end":{"line":284,"column":null}},{"start":{"line":282,"column":6},"end":{"line":284,"column":null}}]},"23":{"loc":{"start":{"line":280,"column":10},"end":{"line":280,"column":59}},"type":"binary-expr","locations":[{"start":{"line":280,"column":10},"end":{"line":280,"column":26}},{"start":{"line":280,"column":26},"end":{"line":280,"column":59}}]},"24":{"loc":{"start":{"line":282,"column":6},"end":{"line":284,"column":null}},"type":"if","locations":[{"start":{"line":282,"column":6},"end":{"line":284,"column":null}},{"start":{},"end":{}}]}},"s":{"0":0,"1":0,"2":0,"3":0,"4":0,"5":0,"6":0,"7":0,"8":0,"9":0,"10":0,"11":0,"12":0,"13":0,"14":0,"15":0,"16":0,"17":0,"18":0,"19":0,"20":0,"21":0,"22":0,"23":0,"24":0,"25":0,"26":0,"27":0,"28":0,"29":0,"30":0,"31":0,"32":0,"33":0,"34":0,"35":0,"36":0,"37":0,"38":0,"39":0,"40":0,"41":0,"42":0,"43":0,"44":0,"45":0,"46":0,"47":0,"48":0,"49":0,"50":0,"51":0,"52":0,"53":0,"54":0,"55":0,"56":0,"57":0,"58":0,"59":0,"60":0,"61":0,"62":0,"63":0,"64":0,"65":0,"66":0,"67":0,"68":0,"69":0,"70":0,"71":0,"72":0},"f":{"0":0,"1":0,"2":0,"3":0,"4":0,"5":0,"6":0,"7":0,"8":0,"9":0,"10":0,"11":0,"12":0,"13":0,"14":0,"15":0,"16":0,"17":0,"18":0,"19":0,"20":0,"21":0,"22":0,"23":0,"24":0},"b":{"0":[0],"1":[0,0],"2":[0,0],"3":[0,0],"4":[0,0],"5":[0,0,0],"6":[0,0],"7":[0,0],"8":[0,0],"9":[0,0],"10":[0,0],"11":[0,0],"12":[0,0],"13":[0,0],"14":[0,0],"15":[0,0],"16":[0,0],"17":[0,0],"18":[0,0],"19":[0,0],"20":[0,0],"21":[0,0],"22":[0,0],"23":[0,0],"24":[0,0]}}
,"/Users/satoshi/src/kabaddi-timer/src/client/components/browser-apis.ts": {"path":"/Users/satoshi/src/kabaddi-timer/src/client/components/browser-apis.ts","statementMap":{"0":{"start":{"line":4,"column":1},"end":{"line":278,"column":null}},"1":{"start":{"line":11,"column":22},"end":{"line":273,"column":null}},"2":{"start":{"line":21,"column":8},"end":{"line":21,"column":null}},"3":{"start":{"line":30,"column":8},"end":{"line":30,"column":null}},"4":{"start":{"line":38,"column":8},"end":{"line":38,"column":null}},"5":{"start":{"line":47,"column":8},"end":{"line":47,"column":null}},"6":{"start":{"line":65,"column":8},"end":{"line":65,"column":null}},"7":{"start":{"line":74,"column":8},"end":{"line":74,"column":null}},"8":{"start":{"line":82,"column":8},"end":{"line":82,"column":null}},"9":{"start":{"line":94,"column":8},"end":{"line":94,"column":null}},"10":{"start":{"line":102,"column":8},"end":{"line":102,"column":null}},"11":{"start":{"line":112,"column":8},"end":{"line":112,"column":null}},"12":{"start":{"line":120,"column":8},"end":{"line":120,"column":null}},"13":{"start":{"line":130,"column":8},"end":{"line":130,"column":null}},"14":{"start":{"line":138,"column":8},"end":{"line":138,"column":null}},"15":{"start":{"line":146,"column":8},"end":{"line":146,"column":null}},"16":{"start":{"line":158,"column":10},"end":{"line":158,"column":null}},"17":{"start":{"line":166,"column":10},"end":{"line":166,"column":null}},"18":{"start":{"line":174,"column":10},"end":{"line":174,"column":null}},"19":{"start":{"line":184,"column":8},"end":{"line":184,"column":null}},"20":{"start":{"line":196,"column":8},"end":{"line":196,"column":null}},"21":{"start":{"line":205,"column":8},"end":{"line":205,"column":null}},"22":{"start":{"line":216,"column":8},"end":{"line":216,"column":null}},"23":{"start":{"line":224,"column":8},"end":{"line":224,"column":null}},"24":{"start":{"line":232,"column":8},"end":{"line":232,"column":null}},"25":{"start":{"line":245,"column":10},"end":{"line":247,"column":null}},"26":{"start":{"line":246,"column":12},"end":{"line":246,"column":null}},"27":{"start":{"line":249,"column":10},"end":{"line":249,"column":null}},"28":{"start":{"line":261,"column":8},"end":{"line":261,"column":null}},"29":{"start":{"line":270,"column":8},"end":{"line":270,"column":null}},"30":{"start":{"line":276,"column":2},"end":{"line":276,"column":null}}},"fnMap":{"0":{"name":"(anonymous_0)","decl":{"start":{"line":4,"column":1},"end":{"line":4,"column":10}},"loc":{"start":{"line":4,"column":23},"end":{"line":278,"column":3}}},"1":{"name":"(anonymous_1)","decl":{"start":{"line":20,"column":14},"end":{"line":20,"column":23}},"loc":{"start":{"line":20,"column":47},"end":{"line":22,"column":null}}},"2":{"name":"(anonymous_2)","decl":{"start":{"line":29,"column":12},"end":{"line":29,"column":21}},"loc":{"start":{"line":29,"column":56},"end":{"line":31,"column":null}}},"3":{"name":"(anonymous_3)","decl":{"start":{"line":37,"column":13},"end":{"line":37,"column":22}},"loc":{"start":{"line":37,"column":43},"end":{"line":39,"column":null}}},"4":{"name":"(anonymous_4)","decl":{"start":{"line":46,"column":21},"end":{"line":46,"column":30}},"loc":{"start":{"line":46,"column":53},"end":{"line":48,"column":null}}},"5":{"name":"(anonymous_5)","decl":{"start":{"line":64,"column":11},"end":{"line":64,"column":20}},"loc":{"start":{"line":64,"column":48},"end":{"line":66,"column":null}}},"6":{"name":"(anonymous_6)","decl":{"start":{"line":73,"column":11},"end":{"line":73,"column":20}},"loc":{"start":{"line":73,"column":54},"end":{"line":75,"column":null}}},"7":{"name":"(anonymous_7)","decl":{"start":{"line":81,"column":14},"end":{"line":81,"column":23}},"loc":{"start":{"line":81,"column":42},"end":{"line":83,"column":null}}},"8":{"name":"(anonymous_8)","decl":{"start":{"line":93,"column":29},"end":{"line":93,"column":38}},"loc":{"start":{"line":93,"column":78},"end":{"line":95,"column":null}}},"9":{"name":"(anonymous_9)","decl":{"start":{"line":101,"column":28},"end":{"line":101,"column":37}},"loc":{"start":{"line":101,"column":55},"end":{"line":103,"column":null}}},"10":{"name":"(anonymous_10)","decl":{"start":{"line":111,"column":18},"end":{"line":111,"column":27}},"loc":{"start":{"line":111,"column":72},"end":{"line":113,"column":null}}},"11":{"name":"(anonymous_11)","decl":{"start":{"line":119,"column":20},"end":{"line":119,"column":29}},"loc":{"start":{"line":119,"column":47},"end":{"line":121,"column":null}}},"12":{"name":"(anonymous_12)","decl":{"start":{"line":129,"column":19},"end":{"line":129,"column":28}},"loc":{"start":{"line":129,"column":76},"end":{"line":131,"column":null}}},"13":{"name":"(anonymous_13)","decl":{"start":{"line":137,"column":21},"end":{"line":137,"column":30}},"loc":{"start":{"line":137,"column":48},"end":{"line":139,"column":null}}},"14":{"name":"(anonymous_14)","decl":{"start":{"line":145,"column":11},"end":{"line":145,"column":30}},"loc":{"start":{"line":145,"column":30},"end":{"line":147,"column":null}}},"15":{"name":"(anonymous_15)","decl":{"start":{"line":157,"column":21},"end":{"line":157,"column":40}},"loc":{"start":{"line":157,"column":40},"end":{"line":159,"column":null}}},"16":{"name":"(anonymous_16)","decl":{"start":{"line":165,"column":17},"end":{"line":165,"column":36}},"loc":{"start":{"line":165,"column":36},"end":{"line":167,"column":null}}},"17":{"name":"(anonymous_17)","decl":{"start":{"line":173,"column":17},"end":{"line":173,"column":36}},"loc":{"start":{"line":173,"column":36},"end":{"line":175,"column":null}}},"18":{"name":"(anonymous_18)","decl":{"start":{"line":183,"column":18},"end":{"line":183,"column":27}},"loc":{"start":{"line":183,"column":58},"end":{"line":185,"column":null}}},"19":{"name":"(anonymous_19)","decl":{"start":{"line":195,"column":22},"end":{"line":195,"column":31}},"loc":{"start":{"line":195,"column":63},"end":{"line":197,"column":null}}},"20":{"name":"(anonymous_20)","decl":{"start":{"line":204,"column":21},"end":{"line":204,"column":30}},"loc":{"start":{"line":204,"column":60},"end":{"line":206,"column":null}}},"21":{"name":"(anonymous_21)","decl":{"start":{"line":215,"column":11},"end":{"line":215,"column":23}},"loc":{"start":{"line":215,"column":42},"end":{"line":217,"column":null}}},"22":{"name":"(anonymous_22)","decl":{"start":{"line":223,"column":13},"end":{"line":223,"column":25}},"loc":{"start":{"line":223,"column":44},"end":{"line":225,"column":null}}},"23":{"name":"(anonymous_23)","decl":{"start":{"line":231,"column":12},"end":{"line":231,"column":24}},"loc":{"start":{"line":231,"column":43},"end":{"line":233,"column":null}}},"24":{"name":"(anonymous_24)","decl":{"start":{"line":244,"column":19},"end":{"line":244,"column":28}},"loc":{"start":{"line":244,"column":57},"end":{"line":250,"column":null}}},"25":{"name":"(anonymous_25)","decl":{"start":{"line":260,"column":13},"end":{"line":260,"column":22}},"loc":{"start":{"line":260,"column":45},"end":{"line":262,"column":null}}},"26":{"name":"(anonymous_26)","decl":{"start":{"line":269,"column":15},"end":{"line":269,"column":24}},"loc":{"start":{"line":269,"column":50},"end":{"line":271,"column":null}}}},"branchMap":{"0":{"loc":{"start":{"line":245,"column":10},"end":{"line":247,"column":null}},"type":"if","locations":[{"start":{"line":245,"column":10},"end":{"line":247,"column":null}},{"start":{},"end":{}}]},"1":{"loc":{"start":{"line":245,"column":14},"end":{"line":245,"column":68}},"type":"binary-expr","locations":[{"start":{"line":245,"column":14},"end":{"line":245,"column":37}},{"start":{"line":245,"column":37},"end":{"line":245,"column":68}}]}},"s":{"0":0,"1":0,"2":0,"3":0,"4":0,"5":0,"6":0,"7":0,"8":0,"9":0,"10":0,"11":0,"12":0,"13":0,"14":0,"15":0,"16":0,"17":0,"18":0,"19":0,"20":0,"21":0,"22":0,"23":0,"24":0,"25":0,"26":0,"27":0,"28":0,"29":0,"30":0},"f":{"0":0,"1":0,"2":0,"3":0,"4":0,"5":0,"6":0,"7":0,"8":0,"9":0,"10":0,"11":0,"12":0,"13":0,"14":0,"15":0,"16":0,"17":0,"18":0,"19":0,"20":0,"21":0,"22":0,"23":0,"24":0,"25":0,"26":0},"b":{"0":[0,0],"1":[0,0]}}
,"/Users/satoshi/src/kabaddi-timer/src/client/components/constants.ts": {"path":"/Users/satoshi/src/kabaddi-timer/src/client/components/constants.ts","statementMap":{"0":{"start":{"line":5,"column":1},"end":{"line":312,"column":null}},"1":{"start":{"line":12,"column":25},"end":{"line":37,"column":null}},"2":{"start":{"line":44,"column":22},"end":{"line":93,"column":null}},"3":{"start":{"line":99,"column":18},"end":{"line":130,"column":null}},"4":{"start":{"line":136,"column":27},"end":{"line":141,"column":null}},"5":{"start":{"line":147,"column":24},"end":{"line":155,"column":null}},"6":{"start":{"line":161,"column":33},"end":{"line":179,"column":null}},"7":{"start":{"line":185,"column":23},"end":{"line":196,"column":null}},"8":{"start":{"line":202,"column":23},"end":{"line":207,"column":null}},"9":{"start":{"line":213,"column":22},"end":{"line":223,"column":null}},"10":{"start":{"line":232,"column":23},"end":{"line":232,"column":null}},"11":{"start":{"line":232,"column":60},"end":{"line":232,"column":71}},"12":{"start":{"line":233,"column":4},"end":{"line":233,"column":null}},"13":{"start":{"line":242,"column":45},"end":{"line":247,"column":null}},"14":{"start":{"line":248,"column":4},"end":{"line":248,"column":null}},"15":{"start":{"line":257,"column":21},"end":{"line":257,"column":null}},"16":{"start":{"line":258,"column":4},"end":{"line":258,"column":null}},"17":{"start":{"line":267,"column":29},"end":{"line":267,"column":null}},"18":{"start":{"line":270,"column":4},"end":{"line":274,"column":null}},"19":{"start":{"line":271,"column":6},"end":{"line":273,"column":null}},"20":{"start":{"line":272,"column":8},"end":{"line":272,"column":null}},"21":{"start":{"line":277,"column":24},"end":{"line":277,"column":null}},"22":{"start":{"line":277,"column":61},"end":{"line":277,"column":72}},"23":{"start":{"line":278,"column":24},"end":{"line":278,"column":null}},"24":{"start":{"line":279,"column":4},"end":{"line":281,"column":null}},"25":{"start":{"line":280,"column":6},"end":{"line":280,"column":null}},"26":{"start":{"line":283,"column":4},"end":{"line":286,"column":null}},"27":{"start":{"line":290,"column":20},"end":{"line":307,"column":null}},"28":{"start":{"line":310,"column":2},"end":{"line":310,"column":null}}},"fnMap":{"0":{"name":"(anonymous_0)","decl":{"start":{"line":5,"column":1},"end":{"line":5,"column":10}},"loc":{"start":{"line":5,"column":23},"end":{"line":312,"column":3}}},"1":{"name":"isValidActionType","decl":{"start":{"line":231,"column":11},"end":{"line":231,"column":29}},"loc":{"start":{"line":231,"column":58},"end":{"line":234,"column":null}}},"2":{"name":"(anonymous_2)","decl":{"start":{"line":232,"column":50},"end":{"line":232,"column":60}},"loc":{"start":{"line":232,"column":60},"end":{"line":232,"column":71}}},"3":{"name":"getWebSocketStateString","decl":{"start":{"line":241,"column":11},"end":{"line":241,"column":35}},"loc":{"start":{"line":241,"column":58},"end":{"line":249,"column":null}}},"4":{"name":"getPresetDisplayName","decl":{"start":{"line":256,"column":11},"end":{"line":256,"column":32}},"loc":{"start":{"line":256,"column":59},"end":{"line":259,"column":null}}},"5":{"name":"validateConstants","decl":{"start":{"line":266,"column":11},"end":{"line":266,"column":71}},"loc":{"start":{"line":266,"column":71},"end":{"line":287,"column":null}}},"6":{"name":"(anonymous_6)","decl":{"start":{"line":270,"column":63},"end":{"line":270,"column":64}},"loc":{"start":{"line":270,"column":81},"end":{"line":274,"column":5}}},"7":{"name":"(anonymous_7)","decl":{"start":{"line":277,"column":51},"end":{"line":277,"column":61}},"loc":{"start":{"line":277,"column":61},"end":{"line":277,"column":72}}}},"branchMap":{"0":{"loc":{"start":{"line":248,"column":11},"end":{"line":248,"column":null}},"type":"binary-expr","locations":[{"start":{"line":248,"column":11},"end":{"line":248,"column":30}},{"start":{"line":248,"column":30},"end":{"line":248,"column":null}}]},"1":{"loc":{"start":{"line":258,"column":11},"end":{"line":258,"column":null}},"type":"cond-expr","locations":[{"start":{"line":258,"column":21},"end":{"line":258,"column":37}},{"start":{"line":258,"column":37},"end":{"line":258,"column":null}}]},"2":{"loc":{"start":{"line":271,"column":6},"end":{"line":273,"column":null}},"type":"if","locations":[{"start":{"line":271,"column":6},"end":{"line":273,"column":null}},{"start":{},"end":{}}]},"3":{"loc":{"start":{"line":271,"column":10},"end":{"line":271,"column":51}},"type":"binary-expr","locations":[{"start":{"line":271,"column":10},"end":{"line":271,"column":39}},{"start":{"line":271,"column":39},"end":{"line":271,"column":51}}]},"4":{"loc":{"start":{"line":279,"column":4},"end":{"line":281,"column":null}},"type":"if","locations":[{"start":{"line":279,"column":4},"end":{"line":281,"column":null}},{"start":{},"end":{}}]}},"s":{"0":0,"1":0,"2":0,"3":0,"4":0,"5":0,"6":0,"7":0,"8":0,"9":0,"10":0,"11":0,"12":0,"13":0,"14":0,"15":0,"16":0,"17":0,"18":0,"19":0,"20":0,"21":0,"22":0,"23":0,"24":0,"25":0,"26":0,"27":0,"28":0},"f":{"0":0,"1":0,"2":0,"3":0,"4":0,"5":0,"6":0,"7":0},"b":{"0":[0,0],"1":[0,0],"2":[0,0],"3":[0,0],"4":[0,0]}}
,"/Users/satoshi/src/kabaddi-timer/src/client/components/game-app.ts": {"path":"/Users/satoshi/src/kabaddi-timer/src/client/components/game-app.ts","statementMap":{"0":{"start":{"line":5,"column":22},"end":{"line":5,"column":null}},"1":{"start":{"line":7,"column":22},"end":{"line":7,"column":null}},"2":{"start":{"line":9,"column":21},"end":{"line":9,"column":null}},"3":{"start":{"line":12,"column":25},"end":{"line":12,"column":null}},"4":{"start":{"line":13,"column":18},"end":{"line":13,"column":null}},"5":{"start":{"line":14,"column":24},"end":{"line":14,"column":null}},"6":{"start":{"line":15,"column":23},"end":{"line":15,"column":null}},"7":{"start":{"line":17,"column":2},"end":{"line":776,"column":null}},"8":{"start":{"line":72,"column":30},"end":{"line":72,"column":null}},"9":{"start":{"line":73,"column":6},"end":{"line":75,"column":null}},"10":{"start":{"line":74,"column":8},"end":{"line":74,"column":null}},"11":{"start":{"line":78,"column":30},"end":{"line":78,"column":null}},"12":{"start":{"line":79,"column":6},"end":{"line":81,"column":null}},"13":{"start":{"line":80,"column":8},"end":{"line":80,"column":null}},"14":{"start":{"line":84,"column":34},"end":{"line":84,"column":null}},"15":{"start":{"line":85,"column":6},"end":{"line":87,"column":null}},"16":{"start":{"line":86,"column":8},"end":{"line":86,"column":null}},"17":{"start":{"line":90,"column":6},"end":{"line":93,"column":null}},"18":{"start":{"line":91,"column":8},"end":{"line":91,"column":null}},"19":{"start":{"line":92,"column":8},"end":{"line":92,"column":null}},"20":{"start":{"line":94,"column":6},"end":{"line":97,"column":null}},"21":{"start":{"line":95,"column":8},"end":{"line":95,"column":null}},"22":{"start":{"line":96,"column":8},"end":{"line":96,"column":null}},"23":{"start":{"line":100,"column":6},"end":{"line":100,"column":null}},"24":{"start":{"line":101,"column":6},"end":{"line":101,"column":null}},"25":{"start":{"line":103,"column":6},"end":{"line":103,"column":null}},"26":{"start":{"line":105,"column":6},"end":{"line":105,"column":null}},"27":{"start":{"line":108,"column":26},"end":{"line":108,"column":null}},"28":{"start":{"line":109,"column":32},"end":{"line":111,"column":null}},"29":{"start":{"line":110,"column":8},"end":{"line":110,"column":null}},"30":{"start":{"line":112,"column":6},"end":{"line":112,"column":null}},"31":{"start":{"line":115,"column":6},"end":{"line":122,"column":null}},"32":{"start":{"line":116,"column":8},"end":{"line":121,"column":null}},"33":{"start":{"line":117,"column":10},"end":{"line":120,"column":null}},"34":{"start":{"line":125,"column":6},"end":{"line":127,"column":null}},"35":{"start":{"line":126,"column":9},"end":{"line":126,"column":null}},"36":{"start":{"line":130,"column":7},"end":{"line":132,"column":null}},"37":{"start":{"line":131,"column":8},"end":{"line":131,"column":null}},"38":{"start":{"line":133,"column":7},"end":{"line":135,"column":null}},"39":{"start":{"line":134,"column":8},"end":{"line":134,"column":null}},"40":{"start":{"line":140,"column":6},"end":{"line":143,"column":null}},"41":{"start":{"line":141,"column":8},"end":{"line":141,"column":null}},"42":{"start":{"line":142,"column":8},"end":{"line":142,"column":null}},"43":{"start":{"line":146,"column":6},"end":{"line":146,"column":null}},"44":{"start":{"line":148,"column":23},"end":{"line":148,"column":null}},"45":{"start":{"line":149,"column":20},"end":{"line":149,"column":null}},"46":{"start":{"line":151,"column":6},"end":{"line":151,"column":null}},"47":{"start":{"line":153,"column":6},"end":{"line":162,"column":null}},"48":{"start":{"line":154,"column":8},"end":{"line":154,"column":null}},"49":{"start":{"line":155,"column":8},"end":{"line":155,"column":null}},"50":{"start":{"line":156,"column":8},"end":{"line":156,"column":null}},"51":{"start":{"line":158,"column":8},"end":{"line":161,"column":null}},"52":{"start":{"line":164,"column":6},"end":{"line":249,"column":null}},"53":{"start":{"line":165,"column":8},"end":{"line":248,"column":null}},"54":{"start":{"line":166,"column":26},"end":{"line":166,"column":null}},"55":{"start":{"line":168,"column":10},"end":{"line":244,"column":null}},"56":{"start":{"line":169,"column":12},"end":{"line":169,"column":null}},"57":{"start":{"line":172,"column":12},"end":{"line":172,"column":null}},"58":{"start":{"line":173,"column":31},"end":{"line":173,"column":null}},"59":{"start":{"line":176,"column":12},"end":{"line":184,"column":null}},"60":{"start":{"line":177,"column":14},"end":{"line":181,"column":null}},"61":{"start":{"line":183,"column":15},"end":{"line":183,"column":null}},"62":{"start":{"line":187,"column":30},"end":{"line":187,"column":null}},"63":{"start":{"line":188,"column":12},"end":{"line":196,"column":null}},"64":{"start":{"line":189,"column":14},"end":{"line":193,"column":null}},"65":{"start":{"line":195,"column":14},"end":{"line":195,"column":null}},"66":{"start":{"line":199,"column":34},"end":{"line":199,"column":null}},"67":{"start":{"line":200,"column":35},"end":{"line":200,"column":null}},"68":{"start":{"line":201,"column":35},"end":{"line":201,"column":null}},"69":{"start":{"line":203,"column":12},"end":{"line":205,"column":null}},"70":{"start":{"line":204,"column":14},"end":{"line":204,"column":null}},"71":{"start":{"line":206,"column":12},"end":{"line":208,"column":null}},"72":{"start":{"line":207,"column":14},"end":{"line":207,"column":null}},"73":{"start":{"line":211,"column":12},"end":{"line":219,"column":null}},"74":{"start":{"line":212,"column":14},"end":{"line":212,"column":null}},"75":{"start":{"line":215,"column":14},"end":{"line":215,"column":null}},"76":{"start":{"line":216,"column":14},"end":{"line":216,"column":null}},"77":{"start":{"line":218,"column":14},"end":{"line":218,"column":null}},"78":{"start":{"line":221,"column":12},"end":{"line":221,"column":null}},"79":{"start":{"line":222,"column":10},"end":{"line":244,"column":null}},"80":{"start":{"line":225,"column":31},"end":{"line":225,"column":null}},"81":{"start":{"line":226,"column":31},"end":{"line":226,"column":null}},"82":{"start":{"line":227,"column":24},"end":{"line":228,"column":null}},"83":{"start":{"line":229,"column":12},"end":{"line":229,"column":null}},"84":{"start":{"line":232,"column":12},"end":{"line":232,"column":null}},"85":{"start":{"line":233,"column":12},"end":{"line":233,"column":null}},"86":{"start":{"line":234,"column":12},"end":{"line":234,"column":null}},"87":{"start":{"line":237,"column":12},"end":{"line":237,"column":null}},"88":{"start":{"line":239,"column":12},"end":{"line":239,"column":null}},"89":{"start":{"line":240,"column":10},"end":{"line":244,"column":null}},"90":{"start":{"line":243,"column":12},"end":{"line":243,"column":null}},"91":{"start":{"line":247,"column":10},"end":{"line":247,"column":null}},"92":{"start":{"line":251,"column":6},"end":{"line":265,"column":null}},"93":{"start":{"line":252,"column":8},"end":{"line":252,"column":null}},"94":{"start":{"line":253,"column":8},"end":{"line":253,"column":null}},"95":{"start":{"line":254,"column":8},"end":{"line":254,"column":null}},"96":{"start":{"line":257,"column":8},"end":{"line":260,"column":null}},"97":{"start":{"line":258,"column":10},"end":{"line":258,"column":null}},"98":{"start":{"line":259,"column":10},"end":{"line":259,"column":null}},"99":{"start":{"line":263,"column":8},"end":{"line":263,"column":null}},"100":{"start":{"line":264,"column":8},"end":{"line":264,"column":null}},"101":{"start":{"line":264,"column":51},"end":{"line":264,"column":76}},"102":{"start":{"line":267,"column":6},"end":{"line":272,"column":null}},"103":{"start":{"line":268,"column":8},"end":{"line":268,"column":null}},"104":{"start":{"line":269,"column":8},"end":{"line":269,"column":null}},"105":{"start":{"line":271,"column":8},"end":{"line":271,"column":null}},"106":{"start":{"line":276,"column":6},"end":{"line":285,"column":null}},"107":{"start":{"line":277,"column":8},"end":{"line":282,"column":null}},"108":{"start":{"line":278,"column":10},"end":{"line":278,"column":null}},"109":{"start":{"line":279,"column":10},"end":{"line":279,"column":null}},"110":{"start":{"line":281,"column":10},"end":{"line":281,"column":null}},"111":{"start":{"line":284,"column":8},"end":{"line":284,"column":null}},"112":{"start":{"line":289,"column":6},"end":{"line":293,"column":null}},"113":{"start":{"line":297,"column":6},"end":{"line":297,"column":null}},"114":{"start":{"line":301,"column":6},"end":{"line":304,"column":null}},"115":{"start":{"line":308,"column":6},"end":{"line":308,"column":null}},"116":{"start":{"line":312,"column":6},"end":{"line":312,"column":null}},"117":{"start":{"line":316,"column":6},"end":{"line":320,"column":null}},"118":{"start":{"line":324,"column":6},"end":{"line":324,"column":null}},"119":{"start":{"line":328,"column":28},"end":{"line":328,"column":null}},"120":{"start":{"line":329,"column":6},"end":{"line":331,"column":null}},"121":{"start":{"line":330,"column":8},"end":{"line":330,"column":null}},"122":{"start":{"line":336,"column":6},"end":{"line":336,"column":null}},"123":{"start":{"line":341,"column":6},"end":{"line":341,"column":null}},"124":{"start":{"line":345,"column":6},"end":{"line":345,"column":null}},"125":{"start":{"line":349,"column":6},"end":{"line":353,"column":null}},"126":{"start":{"line":357,"column":6},"end":{"line":357,"column":null}},"127":{"start":{"line":361,"column":6},"end":{"line":361,"column":null}},"128":{"start":{"line":365,"column":6},"end":{"line":365,"column":null}},"129":{"start":{"line":366,"column":6},"end":{"line":366,"column":null}},"130":{"start":{"line":370,"column":6},"end":{"line":370,"column":null}},"131":{"start":{"line":371,"column":6},"end":{"line":371,"column":null}},"132":{"start":{"line":376,"column":6},"end":{"line":376,"column":null}},"133":{"start":{"line":381,"column":6},"end":{"line":381,"column":null}},"134":{"start":{"line":385,"column":6},"end":{"line":385,"column":null}},"135":{"start":{"line":389,"column":6},"end":{"line":389,"column":null}},"136":{"start":{"line":393,"column":6},"end":{"line":396,"column":null}},"137":{"start":{"line":400,"column":24},"end":{"line":400,"column":null}},"138":{"start":{"line":401,"column":6},"end":{"line":401,"column":null}},"139":{"start":{"line":402,"column":6},"end":{"line":405,"column":null}},"140":{"start":{"line":409,"column":23},"end":{"line":409,"column":null}},"141":{"start":{"line":410,"column":6},"end":{"line":410,"column":null}},"142":{"start":{"line":411,"column":6},"end":{"line":411,"column":null}},"143":{"start":{"line":412,"column":6},"end":{"line":412,"column":null}},"144":{"start":{"line":416,"column":6},"end":{"line":416,"column":null}},"145":{"start":{"line":420,"column":6},"end":{"line":420,"column":null}},"146":{"start":{"line":424,"column":6},"end":{"line":424,"column":null}},"147":{"start":{"line":428,"column":6},"end":{"line":428,"column":null}},"148":{"start":{"line":432,"column":6},"end":{"line":432,"column":null}},"149":{"start":{"line":434,"column":6},"end":{"line":436,"column":null}},"150":{"start":{"line":435,"column":8},"end":{"line":435,"column":null}},"151":{"start":{"line":438,"column":6},"end":{"line":438,"column":null}},"152":{"start":{"line":442,"column":6},"end":{"line":442,"column":null}},"153":{"start":{"line":442,"column":33},"end":{"line":442,"column":null}},"154":{"start":{"line":444,"column":25},"end":{"line":453,"column":null}},"155":{"start":{"line":445,"column":8},"end":{"line":452,"column":null}},"156":{"start":{"line":446,"column":10},"end":{"line":446,"column":null}},"157":{"start":{"line":447,"column":10},"end":{"line":447,"column":null}},"158":{"start":{"line":448,"column":10},"end":{"line":448,"column":null}},"159":{"start":{"line":450,"column":10},"end":{"line":450,"column":null}},"160":{"start":{"line":451,"column":10},"end":{"line":451,"column":null}},"161":{"start":{"line":454,"column":6},"end":{"line":454,"column":null}},"162":{"start":{"line":458,"column":20},"end":{"line":458,"column":null}},"163":{"start":{"line":459,"column":6},"end":{"line":459,"column":null}},"164":{"start":{"line":459,"column":18},"end":{"line":459,"column":null}},"165":{"start":{"line":462,"column":21},"end":{"line":462,"column":null}},"166":{"start":{"line":463,"column":6},"end":{"line":463,"column":null}},"167":{"start":{"line":464,"column":6},"end":{"line":464,"column":null}},"168":{"start":{"line":468,"column":24},"end":{"line":468,"column":null}},"169":{"start":{"line":469,"column":6},"end":{"line":469,"column":null}},"170":{"start":{"line":469,"column":21},"end":{"line":469,"column":null}},"171":{"start":{"line":472,"column":21},"end":{"line":472,"column":null}},"172":{"start":{"line":473,"column":6},"end":{"line":473,"column":null}},"173":{"start":{"line":474,"column":6},"end":{"line":474,"column":null}},"174":{"start":{"line":478,"column":6},"end":{"line":481,"column":null}},"175":{"start":{"line":479,"column":8},"end":{"line":479,"column":null}},"176":{"start":{"line":480,"column":8},"end":{"line":480,"column":null}},"177":{"start":{"line":486,"column":24},"end":{"line":486,"column":null}},"178":{"start":{"line":487,"column":18},"end":{"line":487,"column":null}},"179":{"start":{"line":490,"column":6},"end":{"line":496,"column":null}},"180":{"start":{"line":491,"column":8},"end":{"line":491,"column":null}},"181":{"start":{"line":492,"column":6},"end":{"line":496,"column":null}},"182":{"start":{"line":493,"column":8},"end":{"line":493,"column":null}},"183":{"start":{"line":495,"column":8},"end":{"line":495,"column":null}},"184":{"start":{"line":501,"column":6},"end":{"line":501,"column":null}},"185":{"start":{"line":502,"column":6},"end":{"line":502,"column":null}},"186":{"start":{"line":507,"column":18},"end":{"line":507,"column":null}},"187":{"start":{"line":508,"column":24},"end":{"line":508,"column":null}},"188":{"start":{"line":510,"column":6},"end":{"line":510,"column":null}},"189":{"start":{"line":511,"column":6},"end":{"line":511,"column":null}},"190":{"start":{"line":516,"column":6},"end":{"line":516,"column":null}},"191":{"start":{"line":522,"column":6},"end":{"line":522,"column":null}},"192":{"start":{"line":524,"column":6},"end":{"line":529,"column":null}},"193":{"start":{"line":525,"column":8},"end":{"line":528,"column":null}},"194":{"start":{"line":538,"column":6},"end":{"line":538,"column":null}},"195":{"start":{"line":545,"column":6},"end":{"line":545,"column":null}},"196":{"start":{"line":552,"column":21},"end":{"line":552,"column":null}},"197":{"start":{"line":553,"column":6},"end":{"line":553,"column":null}},"198":{"start":{"line":560,"column":21},"end":{"line":560,"column":null}},"199":{"start":{"line":561,"column":6},"end":{"line":561,"column":null}},"200":{"start":{"line":568,"column":6},"end":{"line":568,"column":null}},"201":{"start":{"line":575,"column":6},"end":{"line":575,"column":null}},"202":{"start":{"line":582,"column":6},"end":{"line":582,"column":null}},"203":{"start":{"line":589,"column":21},"end":{"line":589,"column":null}},"204":{"start":{"line":590,"column":6},"end":{"line":598,"column":null}},"205":{"start":{"line":607,"column":6},"end":{"line":607,"column":null}},"206":{"start":{"line":608,"column":6},"end":{"line":608,"column":null}},"207":{"start":{"line":615,"column":6},"end":{"line":615,"column":null}},"208":{"start":{"line":622,"column":6},"end":{"line":622,"column":null}},"209":{"start":{"line":629,"column":21},"end":{"line":629,"column":null}},"210":{"start":{"line":630,"column":6},"end":{"line":630,"column":null}},"211":{"start":{"line":637,"column":21},"end":{"line":637,"column":null}},"212":{"start":{"line":638,"column":6},"end":{"line":638,"column":null}},"213":{"start":{"line":643,"column":6},"end":{"line":646,"column":null}},"214":{"start":{"line":644,"column":8},"end":{"line":644,"column":null}},"215":{"start":{"line":645,"column":8},"end":{"line":645,"column":null}},"216":{"start":{"line":647,"column":6},"end":{"line":650,"column":null}},"217":{"start":{"line":648,"column":8},"end":{"line":648,"column":null}},"218":{"start":{"line":649,"column":8},"end":{"line":649,"column":null}},"219":{"start":{"line":653,"column":6},"end":{"line":656,"column":null}},"220":{"start":{"line":654,"column":8},"end":{"line":654,"column":null}},"221":{"start":{"line":655,"column":8},"end":{"line":655,"column":null}},"222":{"start":{"line":659,"column":6},"end":{"line":662,"column":null}},"223":{"start":{"line":660,"column":8},"end":{"line":660,"column":null}},"224":{"start":{"line":661,"column":8},"end":{"line":661,"column":null}},"225":{"start":{"line":664,"column":6},"end":{"line":664,"column":null}},"226":{"start":{"line":669,"column":6},"end":{"line":669,"column":null}},"227":{"start":{"line":670,"column":6},"end":{"line":670,"column":null}},"228":{"start":{"line":672,"column":7},"end":{"line":680,"column":null}},"229":{"start":{"line":673,"column":8},"end":{"line":675,"column":null}},"230":{"start":{"line":674,"column":10},"end":{"line":674,"column":null}},"231":{"start":{"line":677,"column":8},"end":{"line":679,"column":null}},"232":{"start":{"line":678,"column":11},"end":{"line":678,"column":null}},"233":{"start":{"line":685,"column":6},"end":{"line":685,"column":null}},"234":{"start":{"line":690,"column":6},"end":{"line":690,"column":null}},"235":{"start":{"line":691,"column":6},"end":{"line":691,"column":null}},"236":{"start":{"line":696,"column":21},"end":{"line":696,"column":null}},"237":{"start":{"line":697,"column":6},"end":{"line":697,"column":null}},"238":{"start":{"line":697,"column":19},"end":{"line":697,"column":null}},"239":{"start":{"line":699,"column":6},"end":{"line":715,"column":null}},"240":{"start":{"line":700,"column":8},"end":{"line":711,"column":null}},"241":{"start":{"line":701,"column":10},"end":{"line":706,"column":null}},"242":{"start":{"line":707,"column":10},"end":{"line":707,"column":null}},"243":{"start":{"line":709,"column":10},"end":{"line":709,"column":null}},"244":{"start":{"line":710,"column":10},"end":{"line":710,"column":null}},"245":{"start":{"line":713,"column":8},"end":{"line":713,"column":null}},"246":{"start":{"line":714,"column":8},"end":{"line":714,"column":null}},"247":{"start":{"line":720,"column":18},"end":{"line":720,"column":null}},"248":{"start":{"line":721,"column":6},"end":{"line":721,"column":null}},"249":{"start":{"line":721,"column":16},"end":{"line":721,"column":null}},"250":{"start":{"line":723,"column":6},"end":{"line":723,"column":null}},"251":{"start":{"line":724,"column":6},"end":{"line":724,"column":null}},"252":{"start":{"line":725,"column":6},"end":{"line":725,"column":null}},"253":{"start":{"line":726,"column":6},"end":{"line":726,"column":null}},"254":{"start":{"line":727,"column":6},"end":{"line":727,"column":null}},"255":{"start":{"line":728,"column":6},"end":{"line":728,"column":null}},"256":{"start":{"line":729,"column":6},"end":{"line":729,"column":null}},"257":{"start":{"line":730,"column":6},"end":{"line":730,"column":null}},"258":{"start":{"line":731,"column":6},"end":{"line":731,"column":null}},"259":{"start":{"line":736,"column":6},"end":{"line":748,"column":null}},"260":{"start":{"line":737,"column":8},"end":{"line":737,"column":null}},"261":{"start":{"line":739,"column":8},"end":{"line":739,"column":null}},"262":{"start":{"line":741,"column":25},"end":{"line":741,"column":null}},"263":{"start":{"line":742,"column":8},"end":{"line":742,"column":null}},"264":{"start":{"line":743,"column":8},"end":{"line":743,"column":null}},"265":{"start":{"line":744,"column":8},"end":{"line":744,"column":null}},"266":{"start":{"line":745,"column":8},"end":{"line":745,"column":null}},"267":{"start":{"line":746,"column":8},"end":{"line":746,"column":null}},"268":{"start":{"line":747,"column":8},"end":{"line":747,"column":null}},"269":{"start":{"line":753,"column":6},"end":{"line":765,"column":null}},"270":{"start":{"line":754,"column":8},"end":{"line":754,"column":null}},"271":{"start":{"line":756,"column":8},"end":{"line":756,"column":null}},"272":{"start":{"line":758,"column":25},"end":{"line":758,"column":null}},"273":{"start":{"line":759,"column":8},"end":{"line":759,"column":null}},"274":{"start":{"line":760,"column":8},"end":{"line":760,"column":null}},"275":{"start":{"line":761,"column":8},"end":{"line":761,"column":null}},"276":{"start":{"line":762,"column":8},"end":{"line":762,"column":null}},"277":{"start":{"line":763,"column":8},"end":{"line":763,"column":null}},"278":{"start":{"line":764,"column":8},"end":{"line":764,"column":null}},"279":{"start":{"line":770,"column":6},"end":{"line":770,"column":null}},"280":{"start":{"line":774,"column":6},"end":{"line":774,"column":null}},"281":{"start":{"line":780,"column":1},"end":{"line":780,"column":null}}},"fnMap":{"0":{"name":"gameApp","decl":{"start":{"line":2,"column":9},"end":{"line":2,"column":17}},"loc":{"start":{"line":2,"column":33},"end":{"line":777,"column":null}}},"1":{"name":"(anonymous_1)","decl":{"start":{"line":70,"column":4},"end":{"line":70,"column":11}},"loc":{"start":{"line":70,"column":11},"end":{"line":136,"column":null}}},"2":{"name":"(anonymous_2)","decl":{"start":{"line":109,"column":32},"end":{"line":109,"column":33}},"loc":{"start":{"line":109,"column":60},"end":{"line":111,"column":null}}},"3":{"name":"(anonymous_3)","decl":{"start":{"line":115,"column":44},"end":{"line":115,"column":50}},"loc":{"start":{"line":115,"column":50},"end":{"line":122,"column":9}}},"4":{"name":"(anonymous_4)","decl":{"start":{"line":130,"column":45},"end":{"line":130,"column":46}},"loc":{"start":{"line":130,"column":67},"end":{"line":132,"column":7}}},"5":{"name":"(anonymous_5)","decl":{"start":{"line":133,"column":45},"end":{"line":133,"column":46}},"loc":{"start":{"line":133,"column":67},"end":{"line":135,"column":7}}},"6":{"name":"(anonymous_6)","decl":{"start":{"line":138,"column":4},"end":{"line":138,"column":23}},"loc":{"start":{"line":138,"column":23},"end":{"line":273,"column":null}}},"7":{"name":"(anonymous_7)","decl":{"start":{"line":153,"column":23},"end":{"line":153,"column":29}},"loc":{"start":{"line":153,"column":29},"end":{"line":162,"column":null}}},"8":{"name":"(anonymous_8)","decl":{"start":{"line":164,"column":26},"end":{"line":164,"column":27}},"loc":{"start":{"line":164,"column":51},"end":{"line":249,"column":null}}},"9":{"name":"(anonymous_9)","decl":{"start":{"line":251,"column":24},"end":{"line":251,"column":30}},"loc":{"start":{"line":251,"column":30},"end":{"line":265,"column":null}}},"10":{"name":"(anonymous_10)","decl":{"start":{"line":264,"column":45},"end":{"line":264,"column":51}},"loc":{"start":{"line":264,"column":51},"end":{"line":264,"column":76}}},"11":{"name":"(anonymous_11)","decl":{"start":{"line":267,"column":24},"end":{"line":267,"column":25}},"loc":{"start":{"line":267,"column":42},"end":{"line":272,"column":null}}},"12":{"name":"(anonymous_12)","decl":{"start":{"line":275,"column":4},"end":{"line":275,"column":15}},"loc":{"start":{"line":275,"column":28},"end":{"line":286,"column":null}}},"13":{"name":"(anonymous_13)","decl":{"start":{"line":288,"column":4},"end":{"line":288,"column":16}},"loc":{"start":{"line":288,"column":46},"end":{"line":294,"column":null}}},"14":{"name":"(anonymous_14)","decl":{"start":{"line":296,"column":4},"end":{"line":296,"column":18}},"loc":{"start":{"line":296,"column":18},"end":{"line":298,"column":null}}},"15":{"name":"(anonymous_15)","decl":{"start":{"line":300,"column":4},"end":{"line":300,"column":19}},"loc":{"start":{"line":300,"column":44},"end":{"line":305,"column":null}}},"16":{"name":"(anonymous_16)","decl":{"start":{"line":307,"column":4},"end":{"line":307,"column":18}},"loc":{"start":{"line":307,"column":18},"end":{"line":309,"column":null}}},"17":{"name":"(anonymous_17)","decl":{"start":{"line":311,"column":4},"end":{"line":311,"column":15}},"loc":{"start":{"line":311,"column":15},"end":{"line":313,"column":null}}},"18":{"name":"(anonymous_18)","decl":{"start":{"line":315,"column":4},"end":{"line":315,"column":18}},"loc":{"start":{"line":315,"column":47},"end":{"line":321,"column":null}}},"19":{"name":"(anonymous_19)","decl":{"start":{"line":323,"column":4},"end":{"line":323,"column":19}},"loc":{"start":{"line":323,"column":19},"end":{"line":325,"column":null}}},"20":{"name":"(anonymous_20)","decl":{"start":{"line":327,"column":4},"end":{"line":327,"column":21}},"loc":{"start":{"line":327,"column":35},"end":{"line":332,"column":null}}},"21":{"name":"(anonymous_21)","decl":{"start":{"line":334,"column":4},"end":{"line":334,"column":8}},"loc":{"start":{"line":334,"column":33},"end":{"line":337,"column":null}}},"22":{"name":"(anonymous_22)","decl":{"start":{"line":339,"column":4},"end":{"line":339,"column":8}},"loc":{"start":{"line":339,"column":33},"end":{"line":342,"column":null}}},"23":{"name":"(anonymous_23)","decl":{"start":{"line":344,"column":4},"end":{"line":344,"column":8}},"loc":{"start":{"line":344,"column":33},"end":{"line":346,"column":null}}},"24":{"name":"(anonymous_24)","decl":{"start":{"line":348,"column":4},"end":{"line":348,"column":16}},"loc":{"start":{"line":348,"column":44},"end":{"line":354,"column":null}}},"25":{"name":"(anonymous_25)","decl":{"start":{"line":356,"column":4},"end":{"line":356,"column":25}},"loc":{"start":{"line":356,"column":25},"end":{"line":358,"column":null}}},"26":{"name":"(anonymous_26)","decl":{"start":{"line":360,"column":4},"end":{"line":360,"column":22}},"loc":{"start":{"line":360,"column":22},"end":{"line":362,"column":null}}},"27":{"name":"(anonymous_27)","decl":{"start":{"line":364,"column":4},"end":{"line":364,"column":23}},"loc":{"start":{"line":364,"column":23},"end":{"line":367,"column":null}}},"28":{"name":"(anonymous_28)","decl":{"start":{"line":369,"column":4},"end":{"line":369,"column":23}},"loc":{"start":{"line":369,"column":23},"end":{"line":372,"column":null}}},"29":{"name":"(anonymous_29)","decl":{"start":{"line":374,"column":4},"end":{"line":374,"column":8}},"loc":{"start":{"line":374,"column":25},"end":{"line":377,"column":null}}},"30":{"name":"(anonymous_30)","decl":{"start":{"line":379,"column":4},"end":{"line":379,"column":8}},"loc":{"start":{"line":379,"column":28},"end":{"line":382,"column":null}}},"31":{"name":"(anonymous_31)","decl":{"start":{"line":384,"column":4},"end":{"line":384,"column":17}},"loc":{"start":{"line":384,"column":17},"end":{"line":386,"column":null}}},"32":{"name":"(anonymous_32)","decl":{"start":{"line":388,"column":4},"end":{"line":388,"column":16}},"loc":{"start":{"line":388,"column":16},"end":{"line":390,"column":null}}},"33":{"name":"(anonymous_33)","decl":{"start":{"line":392,"column":4},"end":{"line":392,"column":16}},"loc":{"start":{"line":392,"column":33},"end":{"line":397,"column":null}}},"34":{"name":"(anonymous_34)","decl":{"start":{"line":399,"column":4},"end":{"line":399,"column":13}},"loc":{"start":{"line":399,"column":47},"end":{"line":406,"column":null}}},"35":{"name":"(anonymous_35)","decl":{"start":{"line":408,"column":4},"end":{"line":408,"column":19}},"loc":{"start":{"line":408,"column":38},"end":{"line":413,"column":null}}},"36":{"name":"(anonymous_36)","decl":{"start":{"line":415,"column":4},"end":{"line":415,"column":17}},"loc":{"start":{"line":415,"column":17},"end":{"line":417,"column":null}}},"37":{"name":"(anonymous_37)","decl":{"start":{"line":419,"column":4},"end":{"line":419,"column":20}},"loc":{"start":{"line":419,"column":20},"end":{"line":421,"column":null}}},"38":{"name":"(anonymous_38)","decl":{"start":{"line":423,"column":4},"end":{"line":423,"column":19}},"loc":{"start":{"line":423,"column":19},"end":{"line":425,"column":null}}},"39":{"name":"(anonymous_39)","decl":{"start":{"line":427,"column":4},"end":{"line":427,"column":20}},"loc":{"start":{"line":427,"column":20},"end":{"line":429,"column":null}}},"40":{"name":"(anonymous_40)","decl":{"start":{"line":431,"column":4},"end":{"line":431,"column":25}},"loc":{"start":{"line":431,"column":25},"end":{"line":439,"column":null}}},"41":{"name":"(anonymous_41)","decl":{"start":{"line":441,"column":4},"end":{"line":441,"column":23}},"loc":{"start":{"line":441,"column":23},"end":{"line":455,"column":null}}},"42":{"name":"(anonymous_42)","decl":{"start":{"line":444,"column":25},"end":{"line":444,"column":31}},"loc":{"start":{"line":444,"column":31},"end":{"line":453,"column":null}}},"43":{"name":"(anonymous_43)","decl":{"start":{"line":457,"column":4},"end":{"line":457,"column":28}},"loc":{"start":{"line":457,"column":28},"end":{"line":465,"column":null}}},"44":{"name":"(anonymous_44)","decl":{"start":{"line":467,"column":4},"end":{"line":467,"column":31}},"loc":{"start":{"line":467,"column":31},"end":{"line":475,"column":null}}},"45":{"name":"(anonymous_45)","decl":{"start":{"line":477,"column":4},"end":{"line":477,"column":22}},"loc":{"start":{"line":477,"column":22},"end":{"line":482,"column":null}}},"46":{"name":"(anonymous_46)","decl":{"start":{"line":485,"column":4},"end":{"line":485,"column":27}},"loc":{"start":{"line":485,"column":27},"end":{"line":497,"column":null}}},"47":{"name":"(anonymous_47)","decl":{"start":{"line":500,"column":4},"end":{"line":500,"column":24}},"loc":{"start":{"line":500,"column":24},"end":{"line":503,"column":null}}},"48":{"name":"(anonymous_48)","decl":{"start":{"line":506,"column":4},"end":{"line":506,"column":24}},"loc":{"start":{"line":506,"column":24},"end":{"line":512,"column":null}}},"49":{"name":"(anonymous_49)","decl":{"start":{"line":515,"column":4},"end":{"line":515,"column":25}},"loc":{"start":{"line":515,"column":25},"end":{"line":517,"column":null}}},"50":{"name":"(anonymous_50)","decl":{"start":{"line":520,"column":4},"end":{"line":520,"column":22}},"loc":{"start":{"line":520,"column":22},"end":{"line":530,"column":null}}},"51":{"name":"(anonymous_51)","decl":{"start":{"line":537,"column":4},"end":{"line":537,"column":39}},"loc":{"start":{"line":537,"column":39},"end":{"line":539,"column":null}}},"52":{"name":"(anonymous_52)","decl":{"start":{"line":544,"column":4},"end":{"line":544,"column":40}},"loc":{"start":{"line":544,"column":40},"end":{"line":546,"column":null}}},"53":{"name":"(anonymous_53)","decl":{"start":{"line":551,"column":4},"end":{"line":551,"column":18}},"loc":{"start":{"line":551,"column":18},"end":{"line":554,"column":null}}},"54":{"name":"(anonymous_54)","decl":{"start":{"line":559,"column":4},"end":{"line":559,"column":19}},"loc":{"start":{"line":559,"column":19},"end":{"line":562,"column":null}}},"55":{"name":"(anonymous_55)","decl":{"start":{"line":567,"column":4},"end":{"line":567,"column":17}},"loc":{"start":{"line":567,"column":53},"end":{"line":569,"column":null}}},"56":{"name":"(anonymous_56)","decl":{"start":{"line":574,"column":4},"end":{"line":574,"column":18}},"loc":{"start":{"line":574,"column":45},"end":{"line":576,"column":null}}},"57":{"name":"(anonymous_57)","decl":{"start":{"line":581,"column":4},"end":{"line":581,"column":23}},"loc":{"start":{"line":581,"column":70},"end":{"line":583,"column":null}}},"58":{"name":"(anonymous_58)","decl":{"start":{"line":588,"column":4},"end":{"line":588,"column":24}},"loc":{"start":{"line":588,"column":51},"end":{"line":599,"column":null}}},"59":{"name":"(anonymous_59)","decl":{"start":{"line":606,"column":4},"end":{"line":606,"column":24}},"loc":{"start":{"line":606,"column":24},"end":{"line":609,"column":null}}},"60":{"name":"(anonymous_60)","decl":{"start":{"line":614,"column":4},"end":{"line":614,"column":46}},"loc":{"start":{"line":614,"column":46},"end":{"line":616,"column":null}}},"61":{"name":"(anonymous_61)","decl":{"start":{"line":621,"column":4},"end":{"line":621,"column":47}},"loc":{"start":{"line":621,"column":47},"end":{"line":623,"column":null}}},"62":{"name":"(anonymous_62)","decl":{"start":{"line":628,"column":4},"end":{"line":628,"column":25}},"loc":{"start":{"line":628,"column":25},"end":{"line":631,"column":null}}},"63":{"name":"(anonymous_63)","decl":{"start":{"line":636,"column":4},"end":{"line":636,"column":26}},"loc":{"start":{"line":636,"column":26},"end":{"line":639,"column":null}}},"64":{"name":"(anonymous_64)","decl":{"start":{"line":641,"column":4},"end":{"line":641,"column":14}},"loc":{"start":{"line":641,"column":14},"end":{"line":665,"column":null}}},"65":{"name":"(anonymous_65)","decl":{"start":{"line":668,"column":4},"end":{"line":668,"column":14}},"loc":{"start":{"line":668,"column":28},"end":{"line":681,"column":null}}},"66":{"name":"(anonymous_66)","decl":{"start":{"line":672,"column":30},"end":{"line":672,"column":36}},"loc":{"start":{"line":672,"column":36},"end":{"line":680,"column":7}}},"67":{"name":"(anonymous_67)","decl":{"start":{"line":684,"column":4},"end":{"line":684,"column":18}},"loc":{"start":{"line":684,"column":18},"end":{"line":686,"column":null}}},"68":{"name":"(anonymous_68)","decl":{"start":{"line":689,"column":4},"end":{"line":689,"column":19}},"loc":{"start":{"line":689,"column":19},"end":{"line":692,"column":null}}},"69":{"name":"(anonymous_69)","decl":{"start":{"line":695,"column":4},"end":{"line":695,"column":21}},"loc":{"start":{"line":695,"column":21},"end":{"line":716,"column":null}}},"70":{"name":"(anonymous_70)","decl":{"start":{"line":719,"column":4},"end":{"line":719,"column":19}},"loc":{"start":{"line":719,"column":46},"end":{"line":732,"column":null}}},"71":{"name":"(anonymous_71)","decl":{"start":{"line":735,"column":4},"end":{"line":735,"column":17}},"loc":{"start":{"line":735,"column":17},"end":{"line":749,"column":null}}},"72":{"name":"(anonymous_72)","decl":{"start":{"line":736,"column":58},"end":{"line":736,"column":64}},"loc":{"start":{"line":736,"column":64},"end":{"line":738,"column":7}}},"73":{"name":"(anonymous_73)","decl":{"start":{"line":738,"column":15},"end":{"line":738,"column":16}},"loc":{"start":{"line":738,"column":24},"end":{"line":748,"column":7}}},"74":{"name":"(anonymous_74)","decl":{"start":{"line":752,"column":4},"end":{"line":752,"column":18}},"loc":{"start":{"line":752,"column":18},"end":{"line":766,"column":null}}},"75":{"name":"(anonymous_75)","decl":{"start":{"line":753,"column":55},"end":{"line":753,"column":61}},"loc":{"start":{"line":753,"column":61},"end":{"line":755,"column":7}}},"76":{"name":"(anonymous_76)","decl":{"start":{"line":755,"column":15},"end":{"line":755,"column":16}},"loc":{"start":{"line":755,"column":24},"end":{"line":765,"column":7}}},"77":{"name":"(anonymous_77)","decl":{"start":{"line":769,"column":4},"end":{"line":769,"column":23}},"loc":{"start":{"line":769,"column":23},"end":{"line":771,"column":null}}},"78":{"name":"(anonymous_78)","decl":{"start":{"line":773,"column":4},"end":{"line":773,"column":24}},"loc":{"start":{"line":773,"column":24},"end":{"line":775,"column":null}}}},"branchMap":{"0":{"loc":{"start":{"line":73,"column":6},"end":{"line":75,"column":null}},"type":"if","locations":[{"start":{"line":73,"column":6},"end":{"line":75,"column":null}},{"start":{},"end":{}}]},"1":{"loc":{"start":{"line":79,"column":6},"end":{"line":81,"column":null}},"type":"if","locations":[{"start":{"line":79,"column":6},"end":{"line":81,"column":null}},{"start":{},"end":{}}]},"2":{"loc":{"start":{"line":85,"column":6},"end":{"line":87,"column":null}},"type":"if","locations":[{"start":{"line":85,"column":6},"end":{"line":87,"column":null}},{"start":{},"end":{}}]},"3":{"loc":{"start":{"line":90,"column":6},"end":{"line":93,"column":null}},"type":"if","locations":[{"start":{"line":90,"column":6},"end":{"line":93,"column":null}},{"start":{},"end":{}}]},"4":{"loc":{"start":{"line":94,"column":6},"end":{"line":97,"column":null}},"type":"if","locations":[{"start":{"line":94,"column":6},"end":{"line":97,"column":null}},{"start":{},"end":{}}]},"5":{"loc":{"start":{"line":116,"column":8},"end":{"line":121,"column":null}},"type":"if","locations":[{"start":{"line":116,"column":8},"end":{"line":121,"column":null}},{"start":{},"end":{}}]},"6":{"loc":{"start":{"line":116,"column":12},"end":{"line":116,"column":62}},"type":"binary-expr","locations":[{"start":{"line":116,"column":12},"end":{"line":116,"column":23}},{"start":{"line":116,"column":23},"end":{"line":116,"column":62}}]},"7":{"loc":{"start":{"line":125,"column":6},"end":{"line":127,"column":null}},"type":"if","locations":[{"start":{"line":125,"column":6},"end":{"line":127,"column":null}},{"start":{},"end":{}}]},"8":{"loc":{"start":{"line":140,"column":6},"end":{"line":143,"column":null}},"type":"if","locations":[{"start":{"line":140,"column":6},"end":{"line":143,"column":null}},{"start":{},"end":{}}]},"9":{"loc":{"start":{"line":148,"column":23},"end":{"line":148,"column":null}},"type":"cond-expr","locations":[{"start":{"line":148,"column":63},"end":{"line":148,"column":72}},{"start":{"line":148,"column":72},"end":{"line":148,"column":null}}]},"10":{"loc":{"start":{"line":168,"column":10},"end":{"line":244,"column":null}},"type":"if","locations":[{"start":{"line":168,"column":10},"end":{"line":244,"column":null}},{"start":{"line":222,"column":10},"end":{"line":244,"column":null}}]},"11":{"loc":{"start":{"line":176,"column":12},"end":{"line":184,"column":null}},"type":"if","locations":[{"start":{"line":176,"column":12},"end":{"line":184,"column":null}},{"start":{},"end":{}}]},"12":{"loc":{"start":{"line":176,"column":16},"end":{"line":176,"column":106}},"type":"binary-expr","locations":[{"start":{"line":176,"column":16},"end":{"line":176,"column":40}},{"start":{"line":176,"column":40},"end":{"line":176,"column":74}},{"start":{"line":176,"column":74},"end":{"line":176,"column":106}}]},"13":{"loc":{"start":{"line":188,"column":12},"end":{"line":196,"column":null}},"type":"if","locations":[{"start":{"line":188,"column":12},"end":{"line":196,"column":null}},{"start":{},"end":{}}]},"14":{"loc":{"start":{"line":188,"column":16},"end":{"line":188,"column":70}},"type":"binary-expr","locations":[{"start":{"line":188,"column":16},"end":{"line":188,"column":28}},{"start":{"line":188,"column":28},"end":{"line":188,"column":50}},{"start":{"line":188,"column":50},"end":{"line":188,"column":70}}]},"15":{"loc":{"start":{"line":200,"column":35},"end":{"line":200,"column":null}},"type":"binary-expr","locations":[{"start":{"line":200,"column":35},"end":{"line":200,"column":52}},{"start":{"line":200,"column":52},"end":{"line":200,"column":null}}]},"16":{"loc":{"start":{"line":201,"column":35},"end":{"line":201,"column":null}},"type":"binary-expr","locations":[{"start":{"line":201,"column":35},"end":{"line":201,"column":52}},{"start":{"line":201,"column":52},"end":{"line":201,"column":null}}]},"17":{"loc":{"start":{"line":203,"column":12},"end":{"line":205,"column":null}},"type":"if","locations":[{"start":{"line":203,"column":12},"end":{"line":205,"column":null}},{"start":{},"end":{}}]},"18":{"loc":{"start":{"line":206,"column":12},"end":{"line":208,"column":null}},"type":"if","locations":[{"start":{"line":206,"column":12},"end":{"line":208,"column":null}},{"start":{},"end":{}}]},"19":{"loc":{"start":{"line":211,"column":12},"end":{"line":219,"column":null}},"type":"if","locations":[{"start":{"line":211,"column":12},"end":{"line":219,"column":null}},{"start":{},"end":{}}]},"20":{"loc":{"start":{"line":211,"column":16},"end":{"line":211,"column":73}},"type":"binary-expr","locations":[{"start":{"line":211,"column":16},"end":{"line":211,"column":40}},{"start":{"line":211,"column":40},"end":{"line":211,"column":73}}]},"21":{"loc":{"start":{"line":222,"column":10},"end":{"line":244,"column":null}},"type":"if","locations":[{"start":{"line":222,"column":10},"end":{"line":244,"column":null}},{"start":{"line":240,"column":10},"end":{"line":244,"column":null}}]},"22":{"loc":{"start":{"line":227,"column":24},"end":{"line":228,"column":null}},"type":"cond-expr","locations":[{"start":{"line":228,"column":15},"end":{"line":228,"column":62}},{"start":{"line":228,"column":62},"end":{"line":228,"column":null}}]},"23":{"loc":{"start":{"line":240,"column":10},"end":{"line":244,"column":null}},"type":"if","locations":[{"start":{"line":240,"column":10},"end":{"line":244,"column":null}},{"start":{},"end":{}}]},"24":{"loc":{"start":{"line":257,"column":8},"end":{"line":260,"column":null}},"type":"if","locations":[{"start":{"line":257,"column":8},"end":{"line":260,"column":null}},{"start":{},"end":{}}]},"25":{"loc":{"start":{"line":276,"column":6},"end":{"line":285,"column":null}},"type":"if","locations":[{"start":{"line":276,"column":6},"end":{"line":285,"column":null}},{"start":{"line":283,"column":13},"end":{"line":285,"column":null}}]},"26":{"loc":{"start":{"line":276,"column":10},"end":{"line":276,"column":60}},"type":"binary-expr","locations":[{"start":{"line":276,"column":10},"end":{"line":276,"column":21}},{"start":{"line":276,"column":21},"end":{"line":276,"column":60}}]},"27":{"loc":{"start":{"line":329,"column":6},"end":{"line":331,"column":null}},"type":"if","locations":[{"start":{"line":329,"column":6},"end":{"line":331,"column":null}},{"start":{},"end":{}}]},"28":{"loc":{"start":{"line":345,"column":13},"end":{"line":345,"column":null}},"type":"cond-expr","locations":[{"start":{"line":345,"column":37},"end":{"line":345,"column":47}},{"start":{"line":345,"column":47},"end":{"line":345,"column":null}}]},"29":{"loc":{"start":{"line":434,"column":6},"end":{"line":436,"column":null}},"type":"if","locations":[{"start":{"line":434,"column":6},"end":{"line":436,"column":null}},{"start":{},"end":{}}]},"30":{"loc":{"start":{"line":442,"column":6},"end":{"line":442,"column":null}},"type":"if","locations":[{"start":{"line":442,"column":6},"end":{"line":442,"column":null}},{"start":{},"end":{}}]},"31":{"loc":{"start":{"line":459,"column":6},"end":{"line":459,"column":null}},"type":"if","locations":[{"start":{"line":459,"column":6},"end":{"line":459,"column":null}},{"start":{},"end":{}}]},"32":{"loc":{"start":{"line":469,"column":6},"end":{"line":469,"column":null}},"type":"if","locations":[{"start":{"line":469,"column":6},"end":{"line":469,"column":null}},{"start":{},"end":{}}]},"33":{"loc":{"start":{"line":478,"column":6},"end":{"line":481,"column":null}},"type":"if","locations":[{"start":{"line":478,"column":6},"end":{"line":481,"column":null}},{"start":{},"end":{}}]},"34":{"loc":{"start":{"line":490,"column":6},"end":{"line":496,"column":null}},"type":"if","locations":[{"start":{"line":490,"column":6},"end":{"line":496,"column":null}},{"start":{"line":492,"column":6},"end":{"line":496,"column":null}}]},"35":{"loc":{"start":{"line":490,"column":10},"end":{"line":490,"column":42}},"type":"binary-expr","locations":[{"start":{"line":490,"column":10},"end":{"line":490,"column":24}},{"start":{"line":490,"column":24},"end":{"line":490,"column":42}}]},"36":{"loc":{"start":{"line":492,"column":6},"end":{"line":496,"column":null}},"type":"if","locations":[{"start":{"line":492,"column":6},"end":{"line":496,"column":null}},{"start":{"line":494,"column":13},"end":{"line":496,"column":null}}]},"37":{"loc":{"start":{"line":492,"column":17},"end":{"line":492,"column":48}},"type":"binary-expr","locations":[{"start":{"line":492,"column":17},"end":{"line":492,"column":30}},{"start":{"line":492,"column":30},"end":{"line":492,"column":48}}]},"38":{"loc":{"start":{"line":524,"column":6},"end":{"line":529,"column":null}},"type":"if","locations":[{"start":{"line":524,"column":6},"end":{"line":529,"column":null}},{"start":{},"end":{}}]},"39":{"loc":{"start":{"line":524,"column":10},"end":{"line":524,"column":60}},"type":"binary-expr","locations":[{"start":{"line":524,"column":10},"end":{"line":524,"column":21}},{"start":{"line":524,"column":21},"end":{"line":524,"column":60}}]},"40":{"loc":{"start":{"line":538,"column":14},"end":{"line":538,"column":null}},"type":"binary-expr","locations":[{"start":{"line":538,"column":14},"end":{"line":538,"column":53}},{"start":{"line":538,"column":53},"end":{"line":538,"column":null}}]},"41":{"loc":{"start":{"line":545,"column":13},"end":{"line":545,"column":null}},"type":"cond-expr","locations":[{"start":{"line":545,"column":48},"end":{"line":545,"column":58}},{"start":{"line":545,"column":58},"end":{"line":545,"column":null}}]},"42":{"loc":{"start":{"line":575,"column":13},"end":{"line":575,"column":null}},"type":"binary-expr","locations":[{"start":{"line":575,"column":13},"end":{"line":575,"column":49}},{"start":{"line":575,"column":49},"end":{"line":575,"column":null}}]},"43":{"loc":{"start":{"line":582,"column":13},"end":{"line":582,"column":null}},"type":"cond-expr","locations":[{"start":{"line":582,"column":35},"end":{"line":582,"column":58}},{"start":{"line":582,"column":58},"end":{"line":582,"column":null}}]},"44":{"loc":{"start":{"line":591,"column":19},"end":{"line":591,"column":null}},"type":"binary-expr","locations":[{"start":{"line":591,"column":19},"end":{"line":591,"column":41}},{"start":{"line":591,"column":41},"end":{"line":591,"column":null}}]},"45":{"loc":{"start":{"line":592,"column":17},"end":{"line":592,"column":null}},"type":"binary-expr","locations":[{"start":{"line":592,"column":17},"end":{"line":592,"column":36}},{"start":{"line":592,"column":36},"end":{"line":592,"column":null}}]},"46":{"loc":{"start":{"line":593,"column":22},"end":{"line":593,"column":null}},"type":"binary-expr","locations":[{"start":{"line":593,"column":22},"end":{"line":593,"column":46}},{"start":{"line":593,"column":46},"end":{"line":593,"column":null}}]},"47":{"loc":{"start":{"line":594,"column":21},"end":{"line":594,"column":null}},"type":"binary-expr","locations":[{"start":{"line":594,"column":21},"end":{"line":594,"column":44}},{"start":{"line":594,"column":44},"end":{"line":594,"column":null}}]},"48":{"loc":{"start":{"line":595,"column":19},"end":{"line":595,"column":null}},"type":"binary-expr","locations":[{"start":{"line":595,"column":19},"end":{"line":595,"column":45}},{"start":{"line":595,"column":45},"end":{"line":595,"column":null}}]},"49":{"loc":{"start":{"line":596,"column":18},"end":{"line":596,"column":null}},"type":"binary-expr","locations":[{"start":{"line":596,"column":18},"end":{"line":596,"column":43}},{"start":{"line":596,"column":43},"end":{"line":596,"column":null}}]},"50":{"loc":{"start":{"line":597,"column":25},"end":{"line":597,"column":null}},"type":"binary-expr","locations":[{"start":{"line":597,"column":25},"end":{"line":597,"column":57}},{"start":{"line":597,"column":57},"end":{"line":597,"column":null}}]},"51":{"loc":{"start":{"line":615,"column":13},"end":{"line":615,"column":null}},"type":"cond-expr","locations":[{"start":{"line":615,"column":35},"end":{"line":615,"column":59}},{"start":{"line":615,"column":59},"end":{"line":615,"column":null}}]},"52":{"loc":{"start":{"line":622,"column":13},"end":{"line":622,"column":null}},"type":"cond-expr","locations":[{"start":{"line":622,"column":35},"end":{"line":622,"column":58}},{"start":{"line":622,"column":58},"end":{"line":622,"column":null}}]},"53":{"loc":{"start":{"line":643,"column":6},"end":{"line":646,"column":null}},"type":"if","locations":[{"start":{"line":643,"column":6},"end":{"line":646,"column":null}},{"start":{},"end":{}}]},"54":{"loc":{"start":{"line":647,"column":6},"end":{"line":650,"column":null}},"type":"if","locations":[{"start":{"line":647,"column":6},"end":{"line":650,"column":null}},{"start":{},"end":{}}]},"55":{"loc":{"start":{"line":653,"column":6},"end":{"line":656,"column":null}},"type":"if","locations":[{"start":{"line":653,"column":6},"end":{"line":656,"column":null}},{"start":{},"end":{}}]},"56":{"loc":{"start":{"line":659,"column":6},"end":{"line":662,"column":null}},"type":"if","locations":[{"start":{"line":659,"column":6},"end":{"line":662,"column":null}},{"start":{},"end":{}}]},"57":{"loc":{"start":{"line":673,"column":8},"end":{"line":675,"column":null}},"type":"if","locations":[{"start":{"line":673,"column":8},"end":{"line":675,"column":null}},{"start":{},"end":{}}]},"58":{"loc":{"start":{"line":677,"column":8},"end":{"line":679,"column":null}},"type":"if","locations":[{"start":{"line":677,"column":8},"end":{"line":679,"column":null}},{"start":{},"end":{}}]},"59":{"loc":{"start":{"line":697,"column":6},"end":{"line":697,"column":null}},"type":"if","locations":[{"start":{"line":697,"column":6},"end":{"line":697,"column":null}},{"start":{},"end":{}}]},"60":{"loc":{"start":{"line":700,"column":8},"end":{"line":711,"column":null}},"type":"if","locations":[{"start":{"line":700,"column":8},"end":{"line":711,"column":null}},{"start":{"line":708,"column":15},"end":{"line":711,"column":null}}]},"61":{"loc":{"start":{"line":721,"column":6},"end":{"line":721,"column":null}},"type":"if","locations":[{"start":{"line":721,"column":6},"end":{"line":721,"column":null}},{"start":{},"end":{}}]}},"s":{"0":0,"1":0,"2":0,"3":0,"4":0,"5":0,"6":0,"7":0,"8":0,"9":0,"10":0,"11":0,"12":0,"13":0,"14":0,"15":0,"16":0,"17":0,"18":0,"19":0,"20":0,"21":0,"22":0,"23":0,"24":0,"25":0,"26":0,"27":0,"28":0,"29":0,"30":0,"31":0,"32":0,"33":0,"34":0,"35":0,"36":0,"37":0,"38":0,"39":0,"40":0,"41":0,"42":0,"43":0,"44":0,"45":0,"46":0,"47":0,"48":0,"49":0,"50":0,"51":0,"52":0,"53":0,"54":0,"55":0,"56":0,"57":0,"58":0,"59":0,"60":0,"61":0,"62":0,"63":0,"64":0,"65":0,"66":0,"67":0,"68":0,"69":0,"70":0,"71":0,"72":0,"73":0,"74":0,"75":0,"76":0,"77":0,"78":0,"79":0,"80":0,"81":0,"82":0,"83":0,"84":0,"85":0,"86":0,"87":0,"88":0,"89":0,"90":0,"91":0,"92":0,"93":0,"94":0,"95":0,"96":0,"97":0,"98":0,"99":0,"100":0,"101":0,"102":0,"103":0,"104":0,"105":0,"106":0,"107":0,"108":0,"109":0,"110":0,"111":0,"112":0,"113":0,"114":0,"115":0,"116":0,"117":0,"118":0,"119":0,"120":0,"121":0,"122":0,"123":0,"124":0,"125":0,"126":0,"127":0,"128":0,"129":0,"130":0,"131":0,"132":0,"133":0,"134":0,"135":0,"136":0,"137":0,"138":0,"139":0,"140":0,"141":0,"142":0,"143":0,"144":0,"145":0,"146":0,"147":0,"148":0,"149":0,"150":0,"151":0,"152":0,"153":0,"154":0,"155":0,"156":0,"157":0,"158":0,"159":0,"160":0,"161":0,"162":0,"163":0,"164":0,"165":0,"166":0,"167":0,"168":0,"169":0,"170":0,"171":0,"172":0,"173":0,"174":0,"175":0,"176":0,"177":0,"178":0,"179":0,"180":0,"181":0,"182":0,"183":0,"184":0,"185":0,"186":0,"187":0,"188":0,"189":0,"190":0,"191":0,"192":0,"193":0,"194":0,"195":0,"196":0,"197":0,"198":0,"199":0,"200":0,"201":0,"202":0,"203":0,"204":0,"205":0,"206":0,"207":0,"208":0,"209":0,"210":0,"211":0,"212":0,"213":0,"214":0,"215":0,"216":0,"217":0,"218":0,"219":0,"220":0,"221":0,"222":0,"223":0,"224":0,"225":0,"226":0,"227":0,"228":0,"229":0,"230":0,"231":0,"232":0,"233":0,"234":0,"235":0,"236":0,"237":0,"238":0,"239":0,"240":0,"241":0,"242":0,"243":0,"244":0,"245":0,"246":0,"247":0,"248":0,"249":0,"250":0,"251":0,"252":0,"253":0,"254":0,"255":0,"256":0,"257":0,"258":0,"259":0,"260":0,"261":0,"262":0,"263":0,"264":0,"265":0,"266":0,"267":0,"268":0,"269":0,"270":0,"271":0,"272":0,"273":0,"274":0,"275":0,"276":0,"277":0,"278":0,"279":0,"280":0,"281":0},"f":{"0":0,"1":0,"2":0,"3":0,"4":0,"5":0,"6":0,"7":0,"8":0,"9":0,"10":0,"11":0,"12":0,"13":0,"14":0,"15":0,"16":0,"17":0,"18":0,"19":0,"20":0,"21":0,"22"
[...]
ine":35,"column":6},"end":{"line":35,"column":42}},"type":"binary-expr","locations":[{"start":{"line":35,"column":6},"end":{"line":35,"column":25}},{"start":{"line":35,"column":25},"end":{"line":35,"column":42}}]},"4":{"loc":{"start":{"line":61,"column":2},"end":{"line":61,"column":null}},"type":"default-arg","locations":[{"start":{"line":61,"column":30},"end":{"line":61,"column":null}}]},"5":{"loc":{"start":{"line":63,"column":2},"end":{"line":65,"column":null}},"type":"if","locations":[{"start":{"line":63,"column":2},"end":{"line":65,"column":null}},{"start":{},"end":{}}]},"6":{"loc":{"start":{"line":67,"column":2},"end":{"line":79,"column":null}},"type":"if","locations":[{"start":{"line":67,"column":2},"end":{"line":79,"column":null}},{"start":{"line":74,"column":9},"end":{"line":79,"column":null}}]},"7":{"loc":{"start":{"line":67,"column":6},"end":{"line":67,"column":48}},"type":"binary-expr","locations":[{"start":{"line":67,"column":6},"end":{"line":67,"column":28}},{"start":{"line":67,"column":28},"end":{"line":67,"column":48}}]},"8":{"loc":{"start":{"line":108,"column":2},"end":{"line":108,"column":null}},"type":"default-arg","locations":[{"start":{"line":108,"column":30},"end":{"line":108,"column":null}}]},"9":{"loc":{"start":{"line":112,"column":2},"end":{"line":114,"column":null}},"type":"if","locations":[{"start":{"line":112,"column":2},"end":{"line":114,"column":null}},{"start":{},"end":{}}]},"10":{"loc":{"start":{"line":116,"column":2},"end":{"line":134,"column":null}},"type":"if","locations":[{"start":{"line":116,"column":2},"end":{"line":134,"column":null}},{"start":{"line":129,"column":9},"end":{"line":134,"column":null}}]},"11":{"loc":{"start":{"line":116,"column":6},"end":{"line":116,"column":42}},"type":"binary-expr","locations":[{"start":{"line":116,"column":6},"end":{"line":116,"column":25}},{"start":{"line":116,"column":25},"end":{"line":116,"column":42}}]},"12":{"loc":{"start":{"line":148,"column":2},"end":{"line":148,"column":null}},"type":"default-arg","locations":[{"start":{"line":148,"column":30},"end":{"line":148,"column":null}}]},"13":{"loc":{"start":{"line":150,"column":2},"end":{"line":152,"column":null}},"type":"if","locations":[{"start":{"line":150,"column":2},"end":{"line":152,"column":null}},{"start":{},"end":{}}]},"14":{"loc":{"start":{"line":154,"column":2},"end":{"line":168,"column":null}},"type":"if","locations":[{"start":{"line":154,"column":2},"end":{"line":168,"column":null}},{"start":{"line":163,"column":9},"end":{"line":168,"column":null}}]},"15":{"loc":{"start":{"line":182,"column":2},"end":{"line":182,"column":null}},"type":"default-arg","locations":[{"start":{"line":182,"column":30},"end":{"line":182,"column":null}}]},"16":{"loc":{"start":{"line":194,"column":2},"end":{"line":194,"column":null}},"type":"default-arg","locations":[{"start":{"line":194,"column":30},"end":{"line":194,"column":null}}]}},"s":{"0":15,"1":1,"2":14,"3":12,"4":12,"5":12,"6":12,"7":12,"8":2,"9":1,"10":0,"11":1,"12":1,"13":1,"14":1,"15":1,"16":1,"17":0,"18":6,"19":0,"20":6,"21":6,"22":6,"23":6,"24":6,"25":0,"26":6,"27":0,"28":6,"29":6,"30":6,"31":6,"32":6,"33":0,"34":1,"35":0},"f":{"0":15,"1":1,"2":6,"3":6,"4":1,"5":0},"b":{"0":[0],"1":[1,14],"2":[12,2],"3":[14,13],"4":[0],"5":[0,1],"6":[1,0],"7":[1,1],"8":[0],"9":[0,6],"10":[6,0],"11":[6,6],"12":[0],"13":[0,6],"14":[6,0],"15":[0],"16":[0]}}
,"/Users/satoshi/src/kabaddi-timer/src/client/components/ui-state.ts": {"path":"/Users/satoshi/src/kabaddi-timer/src/client/components/ui-state.ts","statementMap":{"0":{"start":{"line":2,"column":29},"end":{"line":2,"column":null}}},"fnMap":{},"branchMap":{},"s":{"0":0},"f":{},"b":{}}
,"/Users/satoshi/src/kabaddi-timer/src/client/components/websocket-manager.ts": {"path":"/Users/satoshi/src/kabaddi-timer/src/client/components/websocket-manager.ts","statementMap":{"0":{"start":{"line":5,"column":1},"end":{"line":273,"column":null}},"1":{"start":{"line":16,"column":48},"end":{"line":16,"column":null}},"2":{"start":{"line":17,"column":31},"end":{"line":17,"column":null}},"3":{"start":{"line":18,"column":20},"end":{"line":18,"column":null}},"4":{"start":{"line":19,"column":27},"end":{"line":19,"column":null}},"5":{"start":{"line":20,"column":44},"end":{"line":20,"column":null}},"6":{"start":{"line":21,"column":44},"end":{"line":21,"column":null}},"7":{"start":{"line":22,"column":32},"end":{"line":22,"column":null}},"8":{"start":{"line":25,"column":20},"end":{"line":32,"column":null}},"9":{"start":{"line":40,"column":6},"end":{"line":40,"column":null}},"10":{"start":{"line":41,"column":6},"end":{"line":41,"column":null}},"11":{"start":{"line":44,"column":6},"end":{"line":47,"column":null}},"12":{"start":{"line":45,"column":8},"end":{"line":45,"column":null}},"13":{"start":{"line":46,"column":8},"end":{"line":46,"column":null}},"14":{"start":{"line":49,"column":23},"end":{"line":49,"column":null}},"15":{"start":{"line":50,"column":20},"end":{"line":50,"column":null}},"16":{"start":{"line":51,"column":6},"end":{"line":51,"column":null}},"17":{"start":{"line":53,"column":6},"end":{"line":59,"column":null}},"18":{"start":{"line":54,"column":8},"end":{"line":54,"column":null}},"19":{"start":{"line":55,"column":8},"end":{"line":55,"column":null}},"20":{"start":{"line":56,"column":8},"end":{"line":56,"column":null}},"21":{"start":{"line":58,"column":8},"end":{"line":58,"column":null}},"22":{"start":{"line":61,"column":6},"end":{"line":69,"column":null}},"23":{"start":{"line":62,"column":8},"end":{"line":68,"column":null}},"24":{"start":{"line":63,"column":26},"end":{"line":63,"column":null}},"25":{"start":{"line":64,"column":10},"end":{"line":64,"column":null}},"26":{"start":{"line":66,"column":10},"end":{"line":66,"column":null}},"27":{"start":{"line":67,"column":10},"end":{"line":67,"column":null}},"28":{"start":{"line":71,"column":6},"end":{"line":88,"column":null}},"29":{"start":{"line":72,"column":8},"end":{"line":72,"column":null}},"30":{"start":{"line":73,"column":8},"end":{"line":73,"column":null}},"31":{"start":{"line":74,"column":8},"end":{"line":74,"column":null}},"32":{"start":{"line":77,"column":8},"end":{"line":80,"column":null}},"33":{"start":{"line":78,"column":10},"end":{"line":78,"column":null}},"34":{"start":{"line":79,"column":10},"end":{"line":79,"column":null}},"35":{"start":{"line":83,"column":8},"end":{"line":87,"column":null}},"36":{"start":{"line":84,"column":10},"end":{"line":86,"column":null}},"37":{"start":{"line":85,"column":12},"end":{"line":85,"column":null}},"38":{"start":{"line":90,"column":6},"end":{"line":94,"column":null}},"39":{"start":{"line":91,"column":8},"end":{"line":91,"column":null}},"40":{"start":{"line":92,"column":8},"end":{"line":92,"column":null}},"41":{"start":{"line":93,"column":8},"end":{"line":93,"column":null}},"42":{"start":{"line":97,"column":6},"end":{"line":97,"column":null}},"43":{"start":{"line":105,"column":6},"end":{"line":113,"column":null}},"44":{"start":{"line":106,"column":8},"end":{"line":106,"column":null}},"45":{"start":{"line":107,"column":8},"end":{"line":107,"column":null}},"46":{"start":{"line":108,"column":6},"end":{"line":113,"column":null}},"47":{"start":{"line":109,"column":8},"end":{"line":109,"column":null}},"48":{"start":{"line":110,"column":6},"end":{"line":113,"column":null}},"49":{"start":{"line":111,"column":8},"end":{"line":111,"column":null}},"50":{"start":{"line":112,"column":8},"end":{"line":112,"column":null}},"51":{"start":{"line":121,"column":25},"end":{"line":121,"column":null}},"52":{"start":{"line":122,"column":25},"end":{"line":122,"column":null}},"53":{"start":{"line":123,"column":18},"end":{"line":124,"column":null}},"54":{"start":{"line":126,"column":6},"end":{"line":126,"column":null}},"55":{"start":{"line":128,"column":6},"end":{"line":128,"column":null}},"56":{"start":{"line":130,"column":6},"end":{"line":135,"column":null}},"57":{"start":{"line":144,"column":6},"end":{"line":158,"column":null}},"58":{"start":{"line":145,"column":8},"end":{"line":154,"column":null}},"59":{"start":{"line":146,"column":10},"end":{"line":146,"column":null}},"60":{"start":{"line":147,"column":10},"end":{"line":147,"column":null}},"61":{"start":{"line":148,"column":10},"end":{"line":148,"column":null}},"62":{"start":{"line":149,"column":10},"end":{"line":149,"column":null}},"63":{"start":{"line":151,"column":10},"end":{"line":151,"column":null}},"64":{"start":{"line":152,"column":10},"end":{"line":152,"column":null}},"65":{"start":{"line":153,"column":10},"end":{"line":153,"column":null}},"66":{"start":{"line":156,"column":8},"end":{"line":156,"column":null}},"67":{"start":{"line":157,"column":8},"end":{"line":157,"column":null}},"68":{"start":{"line":165,"column":6},"end":{"line":168,"column":null}},"69":{"start":{"line":175,"column":6},"end":{"line":177,"column":null}},"70":{"start":{"line":176,"column":8},"end":{"line":176,"column":null}},"71":{"start":{"line":179,"column":6},"end":{"line":183,"column":null}},"72":{"start":{"line":180,"column":8},"end":{"line":182,"column":null}},"73":{"start":{"line":181,"column":10},"end":{"line":181,"column":null}},"74":{"start":{"line":191,"column":6},"end":{"line":191,"column":null}},"75":{"start":{"line":199,"column":6},"end":{"line":199,"column":null}},"76":{"start":{"line":206,"column":6},"end":{"line":208,"column":null}},"77":{"start":{"line":207,"column":8},"end":{"line":207,"column":null}},"78":{"start":{"line":216,"column":6},"end":{"line":219,"column":null}},"79":{"start":{"line":217,"column":8},"end":{"line":217,"column":null}},"80":{"start":{"line":218,"column":8},"end":{"line":218,"column":null}},"81":{"start":{"line":222,"column":6},"end":{"line":225,"column":null}},"82":{"start":{"line":223,"column":8},"end":{"line":223,"column":null}},"83":{"start":{"line":224,"column":8},"end":{"line":224,"column":null}},"84":{"start":{"line":228,"column":6},"end":{"line":231,"column":null}},"85":{"start":{"line":229,"column":8},"end":{"line":229,"column":null}},"86":{"start":{"line":230,"column":8},"end":{"line":230,"column":null}},"87":{"start":{"line":233,"column":6},"end":{"line":233,"column":null}},"88":{"start":{"line":234,"column":6},"end":{"line":234,"column":null}},"89":{"start":{"line":235,"column":6},"end":{"line":235,"column":null}},"90":{"start":{"line":243,"column":6},"end":{"line":250,"column":null}},"91":{"start":{"line":254,"column":4},"end":{"line":267,"column":null}},"92":{"start":{"line":271,"column":2},"end":{"line":271,"column":null}}},"fnMap":{"0":{"name":"(anonymous_0)","decl":{"start":{"line":5,"column":1},"end":{"line":5,"column":10}},"loc":{"start":{"line":5,"column":23},"end":{"line":273,"column":3}}},"1":{"name":"createWebSocketManager","decl":{"start":{"line":15,"column":11},"end":{"line":15,"column":34}},"loc":{"start":{"line":15,"column":61},"end":{"line":268,"column":null}}},"2":{"name":"(anonymous_2)","decl":{"start":{"line":26,"column":19},"end":{"line":26,"column":25}},"loc":{"start":{"line":26,"column":25},"end":{"line":26,"column":null}}},"3":{"name":"(anonymous_3)","decl":{"start":{"line":27,"column":22},"end":{"line":27,"column":28}},"loc":{"start":{"line":27,"column":28},"end":{"line":27,"column":null}}},"4":{"name":"(anonymous_4)","decl":{"start":{"line":28,"column":27},"end":{"line":28,"column":28}},"loc":{"start":{"line":28,"column":43},"end":{"line":28,"column":null}}},"5":{"name":"(anonymous_5)","decl":{"start":{"line":29,"column":26},"end":{"line":29,"column":27}},"loc":{"start":{"line":29,"column":42},"end":{"line":29,"column":null}}},"6":{"name":"(anonymous_6)","decl":{"start":{"line":30,"column":15},"end":{"line":30,"column":16}},"loc":{"start":{"line":30,"column":48},"end":{"line":30,"column":null}}},"7":{"name":"(anonymous_7)","decl":{"start":{"line":31,"column":20},"end":{"line":31,"column":21}},"loc":{"start":{"line":31,"column":38},"end":{"line":31,"column":null}}},"8":{"name":"connect","decl":{"start":{"line":39,"column":13},"end":{"line":39,"column":21}},"loc":{"start":{"line":39,"column":61},"end":{"line":98,"column":null}}},"9":{"name":"(anonymous_9)","decl":{"start":{"line":53,"column":19},"end":{"line":53,"column":25}},"loc":{"start":{"line":53,"column":25},"end":{"line":59,"column":null}}},"10":{"name":"(anonymous_10)","decl":{"start":{"line":61,"column":22},"end":{"line":61,"column":23}},"loc":{"start":{"line":61,"column":47},"end":{"line":69,"column":null}}},"11":{"name":"(anonymous_11)","decl":{"start":{"line":71,"column":20},"end":{"line":71,"column":26}},"loc":{"start":{"line":71,"column":26},"end":{"line":88,"column":null}}},"12":{"name":"(anonymous_12)","decl":{"start":{"line":83,"column":51},"end":{"line":83,"column":57}},"loc":{"start":{"line":83,"column":57},"end":{"line":87,"column":11}}},"13":{"name":"(anonymous_13)","decl":{"start":{"line":90,"column":20},"end":{"line":90,"column":21}},"loc":{"start":{"line":90,"column":38},"end":{"line":94,"column":null}}},"14":{"name":"handleMessage","decl":{"start":{"line":104,"column":13},"end":{"line":104,"column":27}},"loc":{"start":{"line":104,"column":41},"end":{"line":114,"column":null}}},"15":{"name":"handleTimeSync","decl":{"start":{"line":120,"column":13},"end":{"line":120,"column":28}},"loc":{"start":{"line":120,"column":39},"end":{"line":136,"column":null}}},"16":{"name":"sendAction","decl":{"start":{"line":143,"column":13},"end":{"line":143,"column":24}},"loc":{"start":{"line":143,"column":46},"end":{"line":159,"column":null}}},"17":{"name":"sendTimeSync","decl":{"start":{"line":164,"column":13},"end":{"line":164,"column":28}},"loc":{"start":{"line":164,"column":28},"end":{"line":169,"column":null}}},"18":{"name":"startTimeSyncInterval","decl":{"start":{"line":174,"column":13},"end":{"line":174,"column":37}},"loc":{"start":{"line":174,"column":37},"end":{"line":184,"column":null}}},"19":{"name":"(anonymous_19)","decl":{"start":{"line":179,"column":50},"end":{"line":179,"column":56}},"loc":{"start":{"line":179,"column":56},"end":{"line":183,"column":9}}},"20":{"name":"isConnected","decl":{"start":{"line":190,"column":13},"end":{"line":190,"column":36}},"loc":{"start":{"line":190,"column":36},"end":{"line":192,"column":null}}},"21":{"name":"getServerTimeOffset","decl":{"start":{"line":198,"column":13},"end":{"line":198,"column":43}},"loc":{"start":{"line":198,"column":43},"end":{"line":200,"column":null}}},"22":{"name":"reconnect","decl":{"start":{"line":205,"column":13},"end":{"line":205,"column":25}},"loc":{"start":{"line":205,"column":25},"end":{"line":209,"column":null}}},"23":{"name":"cleanup","decl":{"start":{"line":214,"column":13},"end":{"line":214,"column":23}},"loc":{"start":{"line":214,"column":23},"end":{"line":236,"column":null}}},"24":{"name":"getDebugInfo","decl":{"start":{"line":242,"column":13},"end":{"line":242,"column":28}},"loc":{"start":{"line":242,"column":28},"end":{"line":251,"column":null}}}},"branchMap":{"0":{"loc":{"start":{"line":39,"column":33},"end":{"line":39,"column":61}},"type":"default-arg","locations":[{"start":{"line":39,"column":57},"end":{"line":39,"column":61}}]},"1":{"loc":{"start":{"line":44,"column":6},"end":{"line":47,"column":null}},"type":"if","locations":[{"start":{"line":44,"column":6},"end":{"line":47,"column":null}},{"start":{},"end":{}}]},"2":{"loc":{"start":{"line":49,"column":23},"end":{"line":49,"column":null}},"type":"cond-expr","locations":[{"start":{"line":49,"column":73},"end":{"line":49,"column":82}},{"start":{"line":49,"column":82},"end":{"line":49,"column":null}}]},"3":{"loc":{"start":{"line":77,"column":8},"end":{"line":80,"column":null}},"type":"if","locations":[{"start":{"line":77,"column":8},"end":{"line":80,"column":null}},{"start":{},"end":{}}]},"4":{"loc":{"start":{"line":84,"column":10},"end":{"line":86,"column":null}},"type":"if","locations":[{"start":{"line":84,"column":10},"end":{"line":86,"column":null}},{"start":{},"end":{}}]},"5":{"loc":{"start":{"line":105,"column":6},"end":{"line":113,"column":null}},"type":"if","locations":[{"start":{"line":105,"column":6},"end":{"line":113,"column":null}},{"start":{"line":108,"column":6},"end":{"line":113,"column":null}}]},"6":{"loc":{"start":{"line":108,"column":6},"end":{"line":113,"column":null}},"type":"if","locations":[{"start":{"line":108,"column":6},"end":{"line":113,"column":null}},{"start":{"line":110,"column":6},"end":{"line":113,"column":null}}]},"7":{"loc":{"start":{"line":110,"column":6},"end":{"line":113,"column":null}},"type":"if","locations":[{"start":{"line":110,"column":6},"end":{"line":113,"column":null}},{"start":{},"end":{}}]},"8":{"loc":{"start":{"line":123,"column":18},"end":{"line":124,"column":null}},"type":"cond-expr","locations":[{"start":{"line":124,"column":9},"end":{"line":124,"column":48}},{"start":{"line":124,"column":48},"end":{"line":124,"column":null}}]},"9":{"loc":{"start":{"line":144,"column":6},"end":{"line":158,"column":null}},"type":"if","locations":[{"start":{"line":144,"column":6},"end":{"line":158,"column":null}},{"start":{"line":155,"column":13},"end":{"line":158,"column":null}}]},"10":{"loc":{"start":{"line":144,"column":10},"end":{"line":144,"column":76}},"type":"binary-expr","locations":[{"start":{"line":144,"column":10},"end":{"line":144,"column":16}},{"start":{"line":144,"column":16},"end":{"line":144,"column":76}}]},"11":{"loc":{"start":{"line":175,"column":6},"end":{"line":177,"column":null}},"type":"if","locations":[{"start":{"line":175,"column":6},"end":{"line":177,"column":null}},{"start":{},"end":{}}]},"12":{"loc":{"start":{"line":180,"column":8},"end":{"line":182,"column":null}},"type":"if","locations":[{"start":{"line":180,"column":8},"end":{"line":182,"column":null}},{"start":{},"end":{}}]},"13":{"loc":{"start":{"line":191,"column":13},"end":{"line":191,"column":null}},"type":"binary-expr","locations":[{"start":{"line":191,"column":13},"end":{"line":191,"column":26}},{"start":{"line":191,"column":26},"end":{"line":191,"column":41}},{"start":{"line":191,"column":41},"end":{"line":191,"column":null}}]},"14":{"loc":{"start":{"line":206,"column":6},"end":{"line":208,"column":null}},"type":"if","locations":[{"start":{"line":206,"column":6},"end":{"line":208,"column":null}},{"start":{},"end":{}}]},"15":{"loc":{"start":{"line":216,"column":6},"end":{"line":219,"column":null}},"type":"if","locations":[{"start":{"line":216,"column":6},"end":{"line":219,"column":null}},{"start":{},"end":{}}]},"16":{"loc":{"start":{"line":222,"column":6},"end":{"line":225,"column":null}},"type":"if","locations":[{"start":{"line":222,"column":6},"end":{"line":225,"column":null}},{"start":{},"end":{}}]},"17":{"loc":{"start":{"line":228,"column":6},"end":{"line":231,"column":null}},"type":"if","locations":[{"start":{"line":228,"column":6},"end":{"line":231,"column":null}},{"start":{},"end":{}}]},"18":{"loc":{"start":{"line":247,"column":22},"end":{"line":247,"column":null}},"type":"cond-expr","locations":[{"start":{"line":247,"column":27},"end":{"line":247,"column":62}},{"start":{"line":247,"column":62},"end":{"line":247,"column":null}}]}},"s":{"0":0,"1":0,"2":0,"3":0,"4":0,"5":0,"6":0,"7":0,"8":0,"9":0,"10":0,"11":0,"12":0,"13":0,"14":0,"15":0,"16":0,"17":0,"18":0,"19":0,"20":0,"21":0,"22":0,"23":0,"24":0,"25":0,"26":0,"27":0,"28":0,"29":0,"30":0,"31":0,"32":0,"33":0,"34":0,"35":0,"36":0,"37":0,"38":0,"39":0,"40":0,"41":0,"42":0,"43":0,"44":0,"45":0,"46":0,"47":0,"48":0,"49":0,"50":0,"51":0,"52":0,"53":0,"54":0,"55":0,"56":0,"57":0,"58":0,"59":0,"60":0,"61":0,"62":0,"63":0,"64":0,"65":0,"66":0,"67":0,"68":0,"69":0,"70":0,"71":0,"72":0,"73":0,"74":0,"75":0,"76":0,"77":0,"78":0,"79":0,"80":0,"81":0,"82":0,"83":0,"84":0,"85":0,"86":0,"87":0,"88":0,"89":0,"90":0,"91":0,"92":0},"f":{"0":0,"1":0,"2":0,"3":0,"4":0,"5":0,"6":0,"7":0,"8":0,"9":0,"10":0,"11":0,"12":0,"13":0,"14":0,"15":0,"16":0,"17":0,"18":0,"19":0,"20":0,"21":0,"22":0,"23":0,"24":0},"b":{"0":[0],"1":[0,0],"2":[0,0],"3":[0,0],"4":[0,0],"5":[0,0],"6":[0,0],"7":[0,0],"8":[0,0],"9":[0,0],"10":[0,0],"11":[0,0],"12":[0,0],"13":[0,0,0],"14":[0,0],"15":[0,0],"16":[0,0],"17":[0,0],"18":[0,0]}}
}
